[0m20:33:26.379770 [debug] [MainThread]: Sending event: {'category': 'dbt', 'action': 'invocation', 'label': 'start', 'context': [<snowplow_tracker.self_describing_json.SelfDescribingJson object at 0x746d01d5fb80>, <snowplow_tracker.self_describing_json.SelfDescribingJson object at 0x746cffa41fc0>, <snowplow_tracker.self_describing_json.SelfDescribingJson object at 0x746cffa41e70>]}


============================== 20:33:26.396327 | c6941963-ee03-43e7-9b02-0389968fa6d7 ==============================
[0m20:33:26.396327 [info ] [MainThread]: Running with dbt=1.7.0
[0m20:33:26.398403 [debug] [MainThread]: running dbt with arguments {'printer_width': '80', 'indirect_selection': 'eager', 'write_json': 'True', 'log_cache_events': 'False', 'partial_parse': 'True', 'cache_selected_only': 'False', 'warn_error': 'None', 'debug': 'False', 'version_check': 'True', 'log_path': '/usr/app/dbt/logs', 'fail_fast': 'False', 'profiles_dir': '/usr/app/dbt', 'use_colors': 'True', 'use_experimental_parser': 'False', 'no_print': 'None', 'quiet': 'False', 'warn_error_options': 'WarnErrorOptions(include=[], exclude=[])', 'invocation_command': 'dbt run', 'log_format': 'default', 'static_parser': 'True', 'target_path': 'None', 'introspect': 'True', 'send_anonymous_usage_stats': 'True'}
[0m20:33:27.280912 [debug] [MainThread]: Sending event: {'category': 'dbt', 'action': 'project_id', 'label': 'c6941963-ee03-43e7-9b02-0389968fa6d7', 'context': [<snowplow_tracker.self_describing_json.SelfDescribingJson object at 0x746cffa8c5b0>]}
[0m20:33:27.675881 [debug] [MainThread]: Sending event: {'category': 'dbt', 'action': 'adapter_info', 'label': 'c6941963-ee03-43e7-9b02-0389968fa6d7', 'context': [<snowplow_tracker.self_describing_json.SelfDescribingJson object at 0x746cfe1c4e20>]}
[0m20:33:27.677819 [info ] [MainThread]: Registered adapter: postgres=1.7.0
[0m20:33:27.711353 [debug] [MainThread]: checksum: 8434eacd4ffdf0ca3ab22bf0e2d55b45306c9599613e842b959405abc489e606, vars: {}, profile: , target: , version: 1.7.0
[0m20:33:27.715222 [info ] [MainThread]: Unable to do partial parsing because saved manifest not found. Starting full parse.
[0m20:33:27.717730 [debug] [MainThread]: Sending event: {'category': 'dbt', 'action': 'partial_parser', 'label': 'c6941963-ee03-43e7-9b02-0389968fa6d7', 'context': [<snowplow_tracker.self_describing_json.SelfDescribingJson object at 0x746cfe1e92d0>]}
[0m20:33:29.510027 [warn ] [MainThread]: [[33mWARNING[0m]: Configuration paths exist in your dbt_project.yml file which do not apply to any resources.
There are 1 unused configuration paths:
- models.marketing_transform.marts
[0m20:33:29.519695 [debug] [MainThread]: Sending event: {'category': 'dbt', 'action': 'load_project', 'label': 'c6941963-ee03-43e7-9b02-0389968fa6d7', 'context': [<snowplow_tracker.self_describing_json.SelfDescribingJson object at 0x746cfde38c40>]}
[0m20:33:29.545529 [debug] [MainThread]: Sending event: {'category': 'dbt', 'action': 'resource_counts', 'label': 'c6941963-ee03-43e7-9b02-0389968fa6d7', 'context': [<snowplow_tracker.self_describing_json.SelfDescribingJson object at 0x746cfdead9c0>]}
[0m20:33:29.547270 [info ] [MainThread]: Found 1 model, 0 sources, 0 exposures, 0 metrics, 401 macros, 0 groups, 0 semantic models
[0m20:33:29.548911 [debug] [MainThread]: Sending event: {'category': 'dbt', 'action': 'runnable_timing', 'label': 'c6941963-ee03-43e7-9b02-0389968fa6d7', 'context': [<snowplow_tracker.self_describing_json.SelfDescribingJson object at 0x746cfdeadae0>]}
[0m20:33:29.553270 [info ] [MainThread]: 
[0m20:33:29.555703 [debug] [MainThread]: Acquiring new postgres connection 'master'
[0m20:33:29.562178 [debug] [ThreadPool]: Acquiring new postgres connection 'list_marketing_pipeline'
[0m20:33:29.586926 [debug] [ThreadPool]: Using postgres connection "list_marketing_pipeline"
[0m20:33:29.588428 [debug] [ThreadPool]: On list_marketing_pipeline: /* {"app": "dbt", "dbt_version": "1.7.0", "profile_name": "marketing_transform", "target_name": "dev", "connection_name": "list_marketing_pipeline"} */

    select distinct nspname from pg_namespace
  
[0m20:33:29.589961 [debug] [ThreadPool]: Opening a new connection, currently in state init
[0m20:33:29.661695 [debug] [ThreadPool]: SQL status: SELECT 4 in 0.0 seconds
[0m20:33:29.665493 [debug] [ThreadPool]: On list_marketing_pipeline: Close
[0m20:33:29.671746 [debug] [ThreadPool]: Re-using an available connection from the pool (formerly list_marketing_pipeline, now list_marketing_pipeline_public)
[0m20:33:29.690466 [debug] [ThreadPool]: Using postgres connection "list_marketing_pipeline_public"
[0m20:33:29.691913 [debug] [ThreadPool]: On list_marketing_pipeline_public: BEGIN
[0m20:33:29.693230 [debug] [ThreadPool]: Opening a new connection, currently in state closed
[0m20:33:29.713912 [debug] [ThreadPool]: SQL status: BEGIN in 0.0 seconds
[0m20:33:29.715148 [debug] [ThreadPool]: Using postgres connection "list_marketing_pipeline_public"
[0m20:33:29.716321 [debug] [ThreadPool]: On list_marketing_pipeline_public: /* {"app": "dbt", "dbt_version": "1.7.0", "profile_name": "marketing_transform", "target_name": "dev", "connection_name": "list_marketing_pipeline_public"} */
select
      'marketing_pipeline' as database,
      tablename as name,
      schemaname as schema,
      'table' as type
    from pg_tables
    where schemaname ilike 'public'
    union all
    select
      'marketing_pipeline' as database,
      viewname as name,
      schemaname as schema,
      'view' as type
    from pg_views
    where schemaname ilike 'public'
    union all
    select
      'marketing_pipeline' as database,
      matviewname as name,
      schemaname as schema,
      'materialized_view' as type
    from pg_matviews
    where schemaname ilike 'public'
  
[0m20:33:29.744630 [debug] [ThreadPool]: SQL status: SELECT 195 in 0.0 seconds
[0m20:33:29.753324 [debug] [ThreadPool]: On list_marketing_pipeline_public: ROLLBACK
[0m20:33:29.755066 [debug] [ThreadPool]: On list_marketing_pipeline_public: Close
[0m20:33:29.844079 [debug] [MainThread]: Using postgres connection "master"
[0m20:33:29.845088 [debug] [MainThread]: On master: BEGIN
[0m20:33:29.845861 [debug] [MainThread]: Opening a new connection, currently in state init
[0m20:33:29.860785 [debug] [MainThread]: SQL status: BEGIN in 0.0 seconds
[0m20:33:29.861568 [debug] [MainThread]: Using postgres connection "master"
[0m20:33:29.862425 [debug] [MainThread]: On master: /* {"app": "dbt", "dbt_version": "1.7.0", "profile_name": "marketing_transform", "target_name": "dev", "connection_name": "master"} */
with relation as (
        select
            pg_rewrite.ev_class as class,
            pg_rewrite.oid as id
        from pg_rewrite
    ),
    class as (
        select
            oid as id,
            relname as name,
            relnamespace as schema,
            relkind as kind
        from pg_class
    ),
    dependency as (
        select distinct
            pg_depend.objid as id,
            pg_depend.refobjid as ref
        from pg_depend
    ),
    schema as (
        select
            pg_namespace.oid as id,
            pg_namespace.nspname as name
        from pg_namespace
        where nspname != 'information_schema' and nspname not like 'pg\_%'
    ),
    referenced as (
        select
            relation.id AS id,
            referenced_class.name ,
            referenced_class.schema ,
            referenced_class.kind
        from relation
        join class as referenced_class on relation.class=referenced_class.id
        where referenced_class.kind in ('r', 'v', 'm')
    ),
    relationships as (
        select
            referenced.name as referenced_name,
            referenced.schema as referenced_schema_id,
            dependent_class.name as dependent_name,
            dependent_class.schema as dependent_schema_id,
            referenced.kind as kind
        from referenced
        join dependency on referenced.id=dependency.id
        join class as dependent_class on dependency.ref=dependent_class.id
        where
            (referenced.name != dependent_class.name or
             referenced.schema != dependent_class.schema)
    )

    select
        referenced_schema.name as referenced_schema,
        relationships.referenced_name as referenced_name,
        dependent_schema.name as dependent_schema,
        relationships.dependent_name as dependent_name
    from relationships
    join schema as dependent_schema on relationships.dependent_schema_id=dependent_schema.id
    join schema as referenced_schema on relationships.referenced_schema_id=referenced_schema.id
    group by referenced_schema, referenced_name, dependent_schema, dependent_name
    order by referenced_schema, referenced_name, dependent_schema, dependent_name;
[0m20:33:29.917172 [debug] [MainThread]: SQL status: SELECT 33 in 0.0 seconds
[0m20:33:29.941180 [debug] [MainThread]: Sending event: {'category': 'dbt', 'action': 'runnable_timing', 'label': 'c6941963-ee03-43e7-9b02-0389968fa6d7', 'context': [<snowplow_tracker.self_describing_json.SelfDescribingJson object at 0x746cfdee4190>]}
[0m20:33:29.942171 [debug] [MainThread]: On master: ROLLBACK
[0m20:33:29.943601 [debug] [MainThread]: Using postgres connection "master"
[0m20:33:29.944617 [debug] [MainThread]: On master: BEGIN
[0m20:33:29.946660 [debug] [MainThread]: SQL status: BEGIN in 0.0 seconds
[0m20:33:29.948054 [debug] [MainThread]: On master: COMMIT
[0m20:33:29.950506 [debug] [MainThread]: Using postgres connection "master"
[0m20:33:29.952183 [debug] [MainThread]: On master: COMMIT
[0m20:33:29.954208 [debug] [MainThread]: SQL status: COMMIT in 0.0 seconds
[0m20:33:29.955551 [debug] [MainThread]: On master: Close
[0m20:33:29.957815 [info ] [MainThread]: Concurrency: 4 threads (target='dev')
[0m20:33:29.959349 [info ] [MainThread]: 
[0m20:33:29.981835 [debug] [Thread-1 (]: Began running node model.marketing_transform.stg_trends
[0m20:33:29.984185 [info ] [Thread-1 (]: 1 of 1 START sql view model public.stg_trends .................................. [RUN]
[0m20:33:29.986842 [debug] [Thread-1 (]: Re-using an available connection from the pool (formerly list_marketing_pipeline_public, now model.marketing_transform.stg_trends)
[0m20:33:29.988326 [debug] [Thread-1 (]: Began compiling node model.marketing_transform.stg_trends
[0m20:33:30.017593 [debug] [Thread-1 (]: Writing injected SQL for node "model.marketing_transform.stg_trends"
[0m20:33:30.029616 [debug] [Thread-1 (]: Timing info for model.marketing_transform.stg_trends (compile): 20:33:29.992697 => 20:33:30.028604
[0m20:33:30.031442 [debug] [Thread-1 (]: Began executing node model.marketing_transform.stg_trends
[0m20:33:30.145529 [debug] [Thread-1 (]: Writing runtime sql for node "model.marketing_transform.stg_trends"
[0m20:33:30.153615 [debug] [Thread-1 (]: Using postgres connection "model.marketing_transform.stg_trends"
[0m20:33:30.154936 [debug] [Thread-1 (]: On model.marketing_transform.stg_trends: BEGIN
[0m20:33:30.156027 [debug] [Thread-1 (]: Opening a new connection, currently in state closed
[0m20:33:30.172428 [debug] [Thread-1 (]: SQL status: BEGIN in 0.0 seconds
[0m20:33:30.173668 [debug] [Thread-1 (]: Using postgres connection "model.marketing_transform.stg_trends"
[0m20:33:30.174848 [debug] [Thread-1 (]: On model.marketing_transform.stg_trends: /* {"app": "dbt", "dbt_version": "1.7.0", "profile_name": "marketing_transform", "target_name": "dev", "node_id": "model.marketing_transform.stg_trends"} */

  create view "marketing_pipeline"."public"."stg_trends__dbt_tmp"
    
    
  as (
    select
    keyword,
    date,
    interest,
    extracted_at
from raw_trends
where interest is not null
  );
[0m20:33:30.219671 [debug] [Thread-1 (]: SQL status: CREATE VIEW in 0.0 seconds
[0m20:33:30.233367 [debug] [Thread-1 (]: Using postgres connection "model.marketing_transform.stg_trends"
[0m20:33:30.234349 [debug] [Thread-1 (]: On model.marketing_transform.stg_trends: /* {"app": "dbt", "dbt_version": "1.7.0", "profile_name": "marketing_transform", "target_name": "dev", "node_id": "model.marketing_transform.stg_trends"} */
alter table "marketing_pipeline"."public"."stg_trends__dbt_tmp" rename to "stg_trends"
[0m20:33:30.242011 [debug] [Thread-1 (]: SQL status: ALTER TABLE in 0.0 seconds
[0m20:33:30.293432 [debug] [Thread-1 (]: On model.marketing_transform.stg_trends: COMMIT
[0m20:33:30.295275 [debug] [Thread-1 (]: Using postgres connection "model.marketing_transform.stg_trends"
[0m20:33:30.296336 [debug] [Thread-1 (]: On model.marketing_transform.stg_trends: COMMIT
[0m20:33:30.301475 [debug] [Thread-1 (]: SQL status: COMMIT in 0.0 seconds
[0m20:33:30.327685 [debug] [Thread-1 (]: Applying DROP to: "marketing_pipeline"."public"."stg_trends__dbt_backup"
[0m20:33:30.342946 [debug] [Thread-1 (]: Using postgres connection "model.marketing_transform.stg_trends"
[0m20:33:30.344305 [debug] [Thread-1 (]: On model.marketing_transform.stg_trends: /* {"app": "dbt", "dbt_version": "1.7.0", "profile_name": "marketing_transform", "target_name": "dev", "node_id": "model.marketing_transform.stg_trends"} */
drop view if exists "marketing_pipeline"."public"."stg_trends__dbt_backup" cascade
[0m20:33:30.347697 [debug] [Thread-1 (]: SQL status: DROP VIEW in 0.0 seconds
[0m20:33:30.352246 [debug] [Thread-1 (]: Timing info for model.marketing_transform.stg_trends (execute): 20:33:30.032905 => 20:33:30.351708
[0m20:33:30.354722 [debug] [Thread-1 (]: On model.marketing_transform.stg_trends: Close
[0m20:33:30.357540 [debug] [Thread-1 (]: Sending event: {'category': 'dbt', 'action': 'run_model', 'label': 'c6941963-ee03-43e7-9b02-0389968fa6d7', 'context': [<snowplow_tracker.self_describing_json.SelfDescribingJson object at 0x746cfcd5bc70>]}
[0m20:33:30.359259 [info ] [Thread-1 (]: 1 of 1 OK created sql view model public.stg_trends ............................. [[32mCREATE VIEW[0m in 0.37s]
[0m20:33:30.361524 [debug] [Thread-1 (]: Finished running node model.marketing_transform.stg_trends
[0m20:33:30.368469 [debug] [MainThread]: Using postgres connection "master"
[0m20:33:30.370047 [debug] [MainThread]: On master: BEGIN
[0m20:33:30.371672 [debug] [MainThread]: Opening a new connection, currently in state closed
[0m20:33:30.391487 [debug] [MainThread]: SQL status: BEGIN in 0.0 seconds
[0m20:33:30.392991 [debug] [MainThread]: On master: COMMIT
[0m20:33:30.394255 [debug] [MainThread]: Using postgres connection "master"
[0m20:33:30.395889 [debug] [MainThread]: On master: COMMIT
[0m20:33:30.398467 [debug] [MainThread]: SQL status: COMMIT in 0.0 seconds
[0m20:33:30.400152 [debug] [MainThread]: On master: Close
[0m20:33:30.402479 [debug] [MainThread]: Connection 'master' was properly closed.
[0m20:33:30.403761 [debug] [MainThread]: Connection 'model.marketing_transform.stg_trends' was properly closed.
[0m20:33:30.405083 [info ] [MainThread]: 
[0m20:33:30.406267 [info ] [MainThread]: Finished running 1 view model in 0 hours 0 minutes and 0.85 seconds (0.85s).
[0m20:33:30.408880 [debug] [MainThread]: Command end result
[0m20:33:30.434207 [info ] [MainThread]: 
[0m20:33:30.435995 [info ] [MainThread]: [32mCompleted successfully[0m
[0m20:33:30.437559 [info ] [MainThread]: 
[0m20:33:30.439643 [info ] [MainThread]: Done. PASS=1 WARN=0 ERROR=0 SKIP=0 TOTAL=1
[0m20:33:30.444361 [debug] [MainThread]: Resource report: {"command_name": "run", "command_success": true, "command_wall_clock_time": 4.1662593, "process_user_time": 7.612767, "process_kernel_time": 1.376819, "process_mem_max_rss": "108960", "process_in_blocks": "93880", "process_out_blocks": "2984"}
[0m20:33:30.445970 [debug] [MainThread]: Command `dbt run` succeeded at 20:33:30.445582 after 4.17 seconds
[0m20:33:30.446967 [debug] [MainThread]: Sending event: {'category': 'dbt', 'action': 'invocation', 'label': 'end', 'context': [<snowplow_tracker.self_describing_json.SelfDescribingJson object at 0x746d01d5fb80>, <snowplow_tracker.self_describing_json.SelfDescribingJson object at 0x746cfe253a60>, <snowplow_tracker.self_describing_json.SelfDescribingJson object at 0x746cfdeac5e0>]}
[0m20:33:30.447905 [debug] [MainThread]: Flushing usage events
[0m20:34:49.977830 [debug] [MainThread]: Sending event: {'category': 'dbt', 'action': 'invocation', 'label': 'start', 'context': [<snowplow_tracker.self_describing_json.SelfDescribingJson object at 0x7d95ca543310>, <snowplow_tracker.self_describing_json.SelfDescribingJson object at 0x7d95c82c5db0>, <snowplow_tracker.self_describing_json.SelfDescribingJson object at 0x7d95c82c5d50>]}


============================== 20:34:49.986228 | aeb0e997-ec1e-409d-9527-d90151e6b3b4 ==============================
[0m20:34:49.986228 [info ] [MainThread]: Running with dbt=1.7.0
[0m20:34:49.987770 [debug] [MainThread]: running dbt with arguments {'printer_width': '80', 'indirect_selection': 'eager', 'log_cache_events': 'False', 'write_json': 'True', 'partial_parse': 'True', 'cache_selected_only': 'False', 'profiles_dir': '/usr/app/dbt', 'version_check': 'True', 'fail_fast': 'False', 'log_path': '/usr/app/dbt/logs', 'debug': 'False', 'warn_error': 'None', 'use_colors': 'True', 'use_experimental_parser': 'False', 'no_print': 'None', 'quiet': 'False', 'warn_error_options': 'WarnErrorOptions(include=[], exclude=[])', 'invocation_command': 'dbt test', 'introspect': 'True', 'log_format': 'default', 'target_path': 'None', 'static_parser': 'True', 'send_anonymous_usage_stats': 'True'}
[0m20:34:50.386080 [debug] [MainThread]: Sending event: {'category': 'dbt', 'action': 'project_id', 'label': 'aeb0e997-ec1e-409d-9527-d90151e6b3b4', 'context': [<snowplow_tracker.self_describing_json.SelfDescribingJson object at 0x7d95c82c5de0>]}
[0m20:34:50.628678 [debug] [MainThread]: Sending event: {'category': 'dbt', 'action': 'adapter_info', 'label': 'aeb0e997-ec1e-409d-9527-d90151e6b3b4', 'context': [<snowplow_tracker.self_describing_json.SelfDescribingJson object at 0x7d95c6849fc0>]}
[0m20:34:50.631014 [info ] [MainThread]: Registered adapter: postgres=1.7.0
[0m20:34:50.652834 [debug] [MainThread]: checksum: 8434eacd4ffdf0ca3ab22bf0e2d55b45306c9599613e842b959405abc489e606, vars: {}, profile: , target: , version: 1.7.0
[0m20:34:50.740359 [debug] [MainThread]: Partial parsing enabled: 0 files deleted, 0 files added, 0 files changed.
[0m20:34:50.741054 [debug] [MainThread]: Partial parsing enabled, no changes found, skipping parsing
[0m20:34:50.743548 [warn ] [MainThread]: [[33mWARNING[0m]: Configuration paths exist in your dbt_project.yml file which do not apply to any resources.
There are 1 unused configuration paths:
- models.marketing_transform.marts
[0m20:34:50.756399 [debug] [MainThread]: Sending event: {'category': 'dbt', 'action': 'load_project', 'label': 'aeb0e997-ec1e-409d-9527-d90151e6b3b4', 'context': [<snowplow_tracker.self_describing_json.SelfDescribingJson object at 0x7d95c6816740>]}
[0m20:34:50.800651 [debug] [MainThread]: Sending event: {'category': 'dbt', 'action': 'resource_counts', 'label': 'aeb0e997-ec1e-409d-9527-d90151e6b3b4', 'context': [<snowplow_tracker.self_describing_json.SelfDescribingJson object at 0x7d95c67dd3f0>]}
[0m20:34:50.801438 [info ] [MainThread]: Found 1 model, 0 sources, 0 exposures, 0 metrics, 401 macros, 0 groups, 0 semantic models
[0m20:34:50.802179 [debug] [MainThread]: Sending event: {'category': 'dbt', 'action': 'runnable_timing', 'label': 'aeb0e997-ec1e-409d-9527-d90151e6b3b4', 'context': [<snowplow_tracker.self_describing_json.SelfDescribingJson object at 0x7d95c67dd6c0>]}
[0m20:34:50.804225 [info ] [MainThread]: 
[0m20:34:50.804879 [warn ] [MainThread]: Nothing to do. Try checking your model configs and model specification args
[0m20:34:50.806034 [debug] [MainThread]: Command end result
[0m20:34:50.824441 [debug] [MainThread]: Resource report: {"command_name": "test", "command_success": true, "command_wall_clock_time": 0.9729106, "process_user_time": 5.037106, "process_kernel_time": 1.882515, "process_mem_max_rss": "101372", "process_in_blocks": "42216", "process_out_blocks": "1528"}
[0m20:34:50.826168 [debug] [MainThread]: Command `dbt test` succeeded at 20:34:50.825762 after 0.97 seconds
[0m20:34:50.826920 [debug] [MainThread]: Sending event: {'category': 'dbt', 'action': 'invocation', 'label': 'end', 'context': [<snowplow_tracker.self_describing_json.SelfDescribingJson object at 0x7d95ca543310>, <snowplow_tracker.self_describing_json.SelfDescribingJson object at 0x7d95c695f100>, <snowplow_tracker.self_describing_json.SelfDescribingJson object at 0x7d95c67dcbb0>]}
[0m20:34:50.827624 [debug] [MainThread]: Flushing usage events
[0m20:43:20.214649 [debug] [MainThread]: Sending event: {'category': 'dbt', 'action': 'invocation', 'label': 'start', 'context': [<snowplow_tracker.self_describing_json.SelfDescribingJson object at 0x7ae1f6b37340>, <snowplow_tracker.self_describing_json.SelfDescribingJson object at 0x7ae1f48ade70>, <snowplow_tracker.self_describing_json.SelfDescribingJson object at 0x7ae1f48ade10>]}


============================== 20:43:20.229620 | a92dfe6a-3c81-4d75-aae8-585444e8b06d ==============================
[0m20:43:20.229620 [info ] [MainThread]: Running with dbt=1.7.0
[0m20:43:20.231875 [debug] [MainThread]: running dbt with arguments {'printer_width': '80', 'indirect_selection': 'eager', 'write_json': 'True', 'log_cache_events': 'False', 'partial_parse': 'True', 'cache_selected_only': 'False', 'warn_error': 'None', 'version_check': 'True', 'fail_fast': 'False', 'log_path': '/usr/app/dbt/logs', 'profiles_dir': '/usr/app/dbt', 'debug': 'False', 'use_colors': 'True', 'use_experimental_parser': 'False', 'no_print': 'None', 'quiet': 'False', 'warn_error_options': 'WarnErrorOptions(include=[], exclude=[])', 'invocation_command': 'dbt run', 'log_format': 'default', 'introspect': 'True', 'target_path': 'None', 'static_parser': 'True', 'send_anonymous_usage_stats': 'True'}
[0m20:43:21.160573 [debug] [MainThread]: Sending event: {'category': 'dbt', 'action': 'project_id', 'label': 'a92dfe6a-3c81-4d75-aae8-585444e8b06d', 'context': [<snowplow_tracker.self_describing_json.SelfDescribingJson object at 0x7ae1f48adea0>]}
[0m20:43:21.368650 [debug] [MainThread]: Sending event: {'category': 'dbt', 'action': 'adapter_info', 'label': 'a92dfe6a-3c81-4d75-aae8-585444e8b06d', 'context': [<snowplow_tracker.self_describing_json.SelfDescribingJson object at 0x7ae1f2e2ccd0>]}
[0m20:43:21.372334 [info ] [MainThread]: Registered adapter: postgres=1.7.0
[0m20:43:21.501850 [debug] [MainThread]: checksum: 8434eacd4ffdf0ca3ab22bf0e2d55b45306c9599613e842b959405abc489e606, vars: {}, profile: , target: , version: 1.7.0
[0m20:43:21.716212 [debug] [MainThread]: Partial parsing enabled: 0 files deleted, 5 files added, 1 files changed.
[0m20:43:21.717196 [debug] [MainThread]: Partial parsing: added file: marketing_transform://models/staging/stg_articles.sql
[0m20:43:21.717870 [debug] [MainThread]: Partial parsing: added file: marketing_transform://models/marts/fact_articles.sql
[0m20:43:21.718370 [debug] [MainThread]: Partial parsing: added file: marketing_transform://models/marts/fact_trends.sql
[0m20:43:21.718820 [debug] [MainThread]: Partial parsing: added file: marketing_transform://models/marts/dim_date.sql
[0m20:43:21.719312 [debug] [MainThread]: Partial parsing: added file: marketing_transform://models/staging/sources.yml
[0m20:43:21.719943 [debug] [MainThread]: Partial parsing: updated file: marketing_transform://models/staging/stg_trends.sql
[0m20:43:22.476107 [debug] [MainThread]: Sending event: {'category': 'dbt', 'action': 'load_project', 'label': 'a92dfe6a-3c81-4d75-aae8-585444e8b06d', 'context': [<snowplow_tracker.self_describing_json.SelfDescribingJson object at 0x7ae1f1c79000>]}
[0m20:43:22.527529 [debug] [MainThread]: Sending event: {'category': 'dbt', 'action': 'resource_counts', 'label': 'a92dfe6a-3c81-4d75-aae8-585444e8b06d', 'context': [<snowplow_tracker.self_describing_json.SelfDescribingJson object at 0x7ae1f2d15900>]}
[0m20:43:22.528776 [info ] [MainThread]: Found 5 models, 2 sources, 0 exposures, 0 metrics, 401 macros, 0 groups, 0 semantic models
[0m20:43:22.529928 [debug] [MainThread]: Sending event: {'category': 'dbt', 'action': 'runnable_timing', 'label': 'a92dfe6a-3c81-4d75-aae8-585444e8b06d', 'context': [<snowplow_tracker.self_describing_json.SelfDescribingJson object at 0x7ae1f2d15bd0>]}
[0m20:43:22.533780 [info ] [MainThread]: 
[0m20:43:22.535469 [debug] [MainThread]: Acquiring new postgres connection 'master'
[0m20:43:22.542506 [debug] [ThreadPool]: Acquiring new postgres connection 'list_marketing_pipeline'
[0m20:43:22.572075 [debug] [ThreadPool]: Using postgres connection "list_marketing_pipeline"
[0m20:43:22.573236 [debug] [ThreadPool]: On list_marketing_pipeline: /* {"app": "dbt", "dbt_version": "1.7.0", "profile_name": "marketing_transform", "target_name": "dev", "connection_name": "list_marketing_pipeline"} */

    select distinct nspname from pg_namespace
  
[0m20:43:22.574105 [debug] [ThreadPool]: Opening a new connection, currently in state init
[0m20:43:22.759388 [debug] [ThreadPool]: SQL status: SELECT 4 in 0.0 seconds
[0m20:43:22.762121 [debug] [ThreadPool]: On list_marketing_pipeline: Close
[0m20:43:22.767587 [debug] [ThreadPool]: Re-using an available connection from the pool (formerly list_marketing_pipeline, now list_marketing_pipeline_public)
[0m20:43:22.779847 [debug] [ThreadPool]: Using postgres connection "list_marketing_pipeline_public"
[0m20:43:22.780582 [debug] [ThreadPool]: On list_marketing_pipeline_public: BEGIN
[0m20:43:22.781236 [debug] [ThreadPool]: Opening a new connection, currently in state closed
[0m20:43:22.811820 [debug] [ThreadPool]: SQL status: BEGIN in 0.0 seconds
[0m20:43:22.812708 [debug] [ThreadPool]: Using postgres connection "list_marketing_pipeline_public"
[0m20:43:22.813716 [debug] [ThreadPool]: On list_marketing_pipeline_public: /* {"app": "dbt", "dbt_version": "1.7.0", "profile_name": "marketing_transform", "target_name": "dev", "connection_name": "list_marketing_pipeline_public"} */
select
      'marketing_pipeline' as database,
      tablename as name,
      schemaname as schema,
      'table' as type
    from pg_tables
    where schemaname ilike 'public'
    union all
    select
      'marketing_pipeline' as database,
      viewname as name,
      schemaname as schema,
      'view' as type
    from pg_views
    where schemaname ilike 'public'
    union all
    select
      'marketing_pipeline' as database,
      matviewname as name,
      schemaname as schema,
      'materialized_view' as type
    from pg_matviews
    where schemaname ilike 'public'
  
[0m20:43:22.844039 [debug] [ThreadPool]: SQL status: SELECT 196 in 0.0 seconds
[0m20:43:22.935394 [debug] [ThreadPool]: On list_marketing_pipeline_public: ROLLBACK
[0m20:43:22.937046 [debug] [ThreadPool]: On list_marketing_pipeline_public: Close
[0m20:43:23.024974 [debug] [MainThread]: Using postgres connection "master"
[0m20:43:23.026723 [debug] [MainThread]: On master: BEGIN
[0m20:43:23.029513 [debug] [MainThread]: Opening a new connection, currently in state init
[0m20:43:23.069930 [debug] [MainThread]: SQL status: BEGIN in 0.0 seconds
[0m20:43:23.071368 [debug] [MainThread]: Using postgres connection "master"
[0m20:43:23.073400 [debug] [MainThread]: On master: /* {"app": "dbt", "dbt_version": "1.7.0", "profile_name": "marketing_transform", "target_name": "dev", "connection_name": "master"} */
with relation as (
        select
            pg_rewrite.ev_class as class,
            pg_rewrite.oid as id
        from pg_rewrite
    ),
    class as (
        select
            oid as id,
            relname as name,
            relnamespace as schema,
            relkind as kind
        from pg_class
    ),
    dependency as (
        select distinct
            pg_depend.objid as id,
            pg_depend.refobjid as ref
        from pg_depend
    ),
    schema as (
        select
            pg_namespace.oid as id,
            pg_namespace.nspname as name
        from pg_namespace
        where nspname != 'information_schema' and nspname not like 'pg\_%'
    ),
    referenced as (
        select
            relation.id AS id,
            referenced_class.name ,
            referenced_class.schema ,
            referenced_class.kind
        from relation
        join class as referenced_class on relation.class=referenced_class.id
        where referenced_class.kind in ('r', 'v', 'm')
    ),
    relationships as (
        select
            referenced.name as referenced_name,
            referenced.schema as referenced_schema_id,
            dependent_class.name as dependent_name,
            dependent_class.schema as dependent_schema_id,
            referenced.kind as kind
        from referenced
        join dependency on referenced.id=dependency.id
        join class as dependent_class on dependency.ref=dependent_class.id
        where
            (referenced.name != dependent_class.name or
             referenced.schema != dependent_class.schema)
    )

    select
        referenced_schema.name as referenced_schema,
        relationships.referenced_name as referenced_name,
        dependent_schema.name as dependent_schema,
        relationships.dependent_name as dependent_name
    from relationships
    join schema as dependent_schema on relationships.dependent_schema_id=dependent_schema.id
    join schema as referenced_schema on relationships.referenced_schema_id=referenced_schema.id
    group by referenced_schema, referenced_name, dependent_schema, dependent_name
    order by referenced_schema, referenced_name, dependent_schema, dependent_name;
[0m20:43:23.126136 [debug] [MainThread]: SQL status: SELECT 34 in 0.0 seconds
[0m20:43:23.171036 [debug] [MainThread]: Sending event: {'category': 'dbt', 'action': 'runnable_timing', 'label': 'a92dfe6a-3c81-4d75-aae8-585444e8b06d', 'context': [<snowplow_tracker.self_describing_json.SelfDescribingJson object at 0x7ae1f1c7fcd0>]}
[0m20:43:23.172975 [debug] [MainThread]: On master: ROLLBACK
[0m20:43:23.175221 [debug] [MainThread]: Using postgres connection "master"
[0m20:43:23.176503 [debug] [MainThread]: On master: BEGIN
[0m20:43:23.179360 [debug] [MainThread]: SQL status: BEGIN in 0.0 seconds
[0m20:43:23.180568 [debug] [MainThread]: On master: COMMIT
[0m20:43:23.181477 [debug] [MainThread]: Using postgres connection "master"
[0m20:43:23.182607 [debug] [MainThread]: On master: COMMIT
[0m20:43:23.185192 [debug] [MainThread]: SQL status: COMMIT in 0.0 seconds
[0m20:43:23.188517 [debug] [MainThread]: On master: Close
[0m20:43:23.191118 [info ] [MainThread]: Concurrency: 4 threads (target='dev')
[0m20:43:23.192792 [info ] [MainThread]: 
[0m20:43:23.216470 [debug] [Thread-1 (]: Began running node model.marketing_transform.stg_articles
[0m20:43:23.221674 [debug] [Thread-2 (]: Began running node model.marketing_transform.stg_trends
[0m20:43:23.218971 [info ] [Thread-1 (]: 1 of 5 START sql view model public.stg_articles ................................ [RUN]
[0m20:43:23.225196 [info ] [Thread-2 (]: 2 of 5 START sql view model public.stg_trends .................................. [RUN]
[0m20:43:23.228236 [debug] [Thread-1 (]: Re-using an available connection from the pool (formerly list_marketing_pipeline_public, now model.marketing_transform.stg_articles)
[0m20:43:23.231793 [debug] [Thread-2 (]: Acquiring new postgres connection 'model.marketing_transform.stg_trends'
[0m20:43:23.233905 [debug] [Thread-1 (]: Began compiling node model.marketing_transform.stg_articles
[0m20:43:23.238091 [debug] [Thread-2 (]: Began compiling node model.marketing_transform.stg_trends
[0m20:43:23.284991 [debug] [Thread-2 (]: Writing injected SQL for node "model.marketing_transform.stg_trends"
[0m20:43:23.298054 [debug] [Thread-1 (]: Writing injected SQL for node "model.marketing_transform.stg_articles"
[0m20:43:23.307595 [debug] [Thread-2 (]: Timing info for model.marketing_transform.stg_trends (compile): 20:43:23.266352 => 20:43:23.306264
[0m20:43:23.309392 [debug] [Thread-2 (]: Began executing node model.marketing_transform.stg_trends
[0m20:43:23.326610 [debug] [Thread-1 (]: Timing info for model.marketing_transform.stg_articles (compile): 20:43:23.239577 => 20:43:23.325478
[0m20:43:23.339612 [debug] [Thread-1 (]: Began executing node model.marketing_transform.stg_articles
[0m20:43:23.712716 [debug] [Thread-2 (]: Writing runtime sql for node "model.marketing_transform.stg_trends"
[0m20:43:23.716682 [debug] [Thread-1 (]: Writing runtime sql for node "model.marketing_transform.stg_articles"
[0m20:43:23.719227 [debug] [Thread-2 (]: Using postgres connection "model.marketing_transform.stg_trends"
[0m20:43:23.720608 [debug] [Thread-2 (]: On model.marketing_transform.stg_trends: BEGIN
[0m20:43:23.722187 [debug] [Thread-1 (]: Using postgres connection "model.marketing_transform.stg_articles"
[0m20:43:23.723417 [debug] [Thread-2 (]: Opening a new connection, currently in state init
[0m20:43:23.724730 [debug] [Thread-1 (]: On model.marketing_transform.stg_articles: BEGIN
[0m20:43:23.727505 [debug] [Thread-1 (]: Opening a new connection, currently in state closed
[0m20:43:23.780349 [debug] [Thread-2 (]: SQL status: BEGIN in 0.0 seconds
[0m20:43:23.782629 [debug] [Thread-2 (]: Using postgres connection "model.marketing_transform.stg_trends"
[0m20:43:23.784262 [debug] [Thread-2 (]: On model.marketing_transform.stg_trends: /* {"app": "dbt", "dbt_version": "1.7.0", "profile_name": "marketing_transform", "target_name": "dev", "node_id": "model.marketing_transform.stg_trends"} */

  create view "marketing_pipeline"."public"."stg_trends__dbt_tmp"
    
    
  as (
    select
    keyword,
    date,
    interest,
    extracted_at
from "marketing_pipeline"."public"."raw_trends"
where interest is not null
  );
[0m20:43:23.793499 [debug] [Thread-1 (]: SQL status: BEGIN in 0.0 seconds
[0m20:43:23.798460 [debug] [Thread-1 (]: Using postgres connection "model.marketing_transform.stg_articles"
[0m20:43:23.800326 [debug] [Thread-1 (]: On model.marketing_transform.stg_articles: /* {"app": "dbt", "dbt_version": "1.7.0", "profile_name": "marketing_transform", "target_name": "dev", "node_id": "model.marketing_transform.stg_articles"} */

  create view "marketing_pipeline"."public"."stg_articles__dbt_tmp"
    
    
  as (
    select
    keyword,
    title,
    source_name,
    published_at::date as published_date,
    url,
    description,
    extracted_at
from raw_articles
where title is not null
  );
[0m20:43:23.836299 [debug] [Thread-1 (]: SQL status: CREATE VIEW in 0.0 seconds
[0m20:43:23.862866 [debug] [Thread-1 (]: Using postgres connection "model.marketing_transform.stg_articles"
[0m20:43:23.865133 [debug] [Thread-2 (]: SQL status: CREATE VIEW in 0.0 seconds
[0m20:43:23.868525 [debug] [Thread-1 (]: On model.marketing_transform.stg_articles: /* {"app": "dbt", "dbt_version": "1.7.0", "profile_name": "marketing_transform", "target_name": "dev", "node_id": "model.marketing_transform.stg_articles"} */
alter table "marketing_pipeline"."public"."stg_articles__dbt_tmp" rename to "stg_articles"
[0m20:43:23.892426 [debug] [Thread-2 (]: Using postgres connection "model.marketing_transform.stg_trends"
[0m20:43:23.894125 [debug] [Thread-1 (]: SQL status: ALTER TABLE in 0.0 seconds
[0m20:43:23.895443 [debug] [Thread-2 (]: On model.marketing_transform.stg_trends: /* {"app": "dbt", "dbt_version": "1.7.0", "profile_name": "marketing_transform", "target_name": "dev", "node_id": "model.marketing_transform.stg_trends"} */
alter table "marketing_pipeline"."public"."stg_trends" rename to "stg_trends__dbt_backup"
[0m20:43:23.920139 [debug] [Thread-2 (]: SQL status: ALTER TABLE in 0.0 seconds
[0m20:43:23.942596 [debug] [Thread-2 (]: Using postgres connection "model.marketing_transform.stg_trends"
[0m20:43:23.949351 [debug] [Thread-2 (]: On model.marketing_transform.stg_trends: /* {"app": "dbt", "dbt_version": "1.7.0", "profile_name": "marketing_transform", "target_name": "dev", "node_id": "model.marketing_transform.stg_trends"} */
alter table "marketing_pipeline"."public"."stg_trends__dbt_tmp" rename to "stg_trends"
[0m20:43:23.955801 [debug] [Thread-1 (]: On model.marketing_transform.stg_articles: COMMIT
[0m20:43:23.958733 [debug] [Thread-1 (]: Using postgres connection "model.marketing_transform.stg_articles"
[0m20:43:23.960335 [debug] [Thread-2 (]: SQL status: ALTER TABLE in 0.0 seconds
[0m20:43:23.961586 [debug] [Thread-1 (]: On model.marketing_transform.stg_articles: COMMIT
[0m20:43:23.976537 [debug] [Thread-2 (]: On model.marketing_transform.stg_trends: COMMIT
[0m20:43:23.977660 [debug] [Thread-2 (]: Using postgres connection "model.marketing_transform.stg_trends"
[0m20:43:23.978751 [debug] [Thread-2 (]: On model.marketing_transform.stg_trends: COMMIT
[0m20:43:23.983766 [debug] [Thread-1 (]: SQL status: COMMIT in 0.0 seconds
[0m20:43:23.990898 [debug] [Thread-2 (]: SQL status: COMMIT in 0.0 seconds
[0m20:43:24.014687 [debug] [Thread-1 (]: Applying DROP to: "marketing_pipeline"."public"."stg_articles__dbt_backup"
[0m20:43:24.017509 [debug] [Thread-2 (]: Applying DROP to: "marketing_pipeline"."public"."stg_trends__dbt_backup"
[0m20:43:24.027798 [debug] [Thread-1 (]: Using postgres connection "model.marketing_transform.stg_articles"
[0m20:43:24.032622 [debug] [Thread-2 (]: Using postgres connection "model.marketing_transform.stg_trends"
[0m20:43:24.034626 [debug] [Thread-1 (]: On model.marketing_transform.stg_articles: /* {"app": "dbt", "dbt_version": "1.7.0", "profile_name": "marketing_transform", "target_name": "dev", "node_id": "model.marketing_transform.stg_articles"} */
drop view if exists "marketing_pipeline"."public"."stg_articles__dbt_backup" cascade
[0m20:43:24.035782 [debug] [Thread-2 (]: On model.marketing_transform.stg_trends: /* {"app": "dbt", "dbt_version": "1.7.0", "profile_name": "marketing_transform", "target_name": "dev", "node_id": "model.marketing_transform.stg_trends"} */
drop view if exists "marketing_pipeline"."public"."stg_trends__dbt_backup" cascade
[0m20:43:24.042418 [debug] [Thread-1 (]: SQL status: DROP VIEW in 0.0 seconds
[0m20:43:24.046710 [debug] [Thread-1 (]: Timing info for model.marketing_transform.stg_articles (execute): 20:43:23.347419 => 20:43:24.045755
[0m20:43:24.048257 [debug] [Thread-1 (]: On model.marketing_transform.stg_articles: Close
[0m20:43:24.051091 [debug] [Thread-1 (]: Sending event: {'category': 'dbt', 'action': 'run_model', 'label': 'a92dfe6a-3c81-4d75-aae8-585444e8b06d', 'context': [<snowplow_tracker.self_describing_json.SelfDescribingJson object at 0x7ae1f1c7fcd0>]}
[0m20:43:24.054417 [info ] [Thread-1 (]: 1 of 5 OK created sql view model public.stg_articles ........................... [[32mCREATE VIEW[0m in 0.82s]
[0m20:43:24.058239 [debug] [Thread-1 (]: Finished running node model.marketing_transform.stg_articles
[0m20:43:24.060715 [debug] [Thread-4 (]: Began running node model.marketing_transform.fact_articles
[0m20:43:24.063375 [info ] [Thread-4 (]: 3 of 5 START sql table model public.fact_articles .............................. [RUN]
[0m20:43:24.070142 [debug] [Thread-4 (]: Acquiring new postgres connection 'model.marketing_transform.fact_articles'
[0m20:43:24.077865 [debug] [Thread-2 (]: SQL status: DROP VIEW in 0.0 seconds
[0m20:43:24.082824 [debug] [Thread-2 (]: Timing info for model.marketing_transform.stg_trends (execute): 20:43:23.310613 => 20:43:24.082314
[0m20:43:24.074500 [debug] [Thread-4 (]: Began compiling node model.marketing_transform.fact_articles
[0m20:43:24.084327 [debug] [Thread-2 (]: On model.marketing_transform.stg_trends: Close
[0m20:43:24.093475 [debug] [Thread-4 (]: Writing injected SQL for node "model.marketing_transform.fact_articles"
[0m20:43:24.096748 [debug] [Thread-2 (]: Sending event: {'category': 'dbt', 'action': 'run_model', 'label': 'a92dfe6a-3c81-4d75-aae8-585444e8b06d', 'context': [<snowplow_tracker.self_describing_json.SelfDescribingJson object at 0x7ae1f1cbc100>]}
[0m20:43:24.102294 [info ] [Thread-2 (]: 2 of 5 OK created sql view model public.stg_trends ............................. [[32mCREATE VIEW[0m in 0.87s]
[0m20:43:24.105434 [debug] [Thread-2 (]: Finished running node model.marketing_transform.stg_trends
[0m20:43:24.109022 [debug] [Thread-1 (]: Began running node model.marketing_transform.dim_date
[0m20:43:24.110569 [debug] [Thread-3 (]: Began running node model.marketing_transform.fact_trends
[0m20:43:24.112952 [info ] [Thread-1 (]: 4 of 5 START sql table model public.dim_date ................................... [RUN]
[0m20:43:24.116141 [debug] [Thread-4 (]: Timing info for model.marketing_transform.fact_articles (compile): 20:43:24.085179 => 20:43:24.114968
[0m20:43:24.118490 [info ] [Thread-3 (]: 5 of 5 START sql table model public.fact_trends ................................ [RUN]
[0m20:43:24.121452 [debug] [Thread-1 (]: Re-using an available connection from the pool (formerly model.marketing_transform.stg_articles, now model.marketing_transform.dim_date)
[0m20:43:24.123534 [debug] [Thread-4 (]: Began executing node model.marketing_transform.fact_articles
[0m20:43:24.128061 [debug] [Thread-3 (]: Acquiring new postgres connection 'model.marketing_transform.fact_trends'
[0m20:43:24.130273 [debug] [Thread-1 (]: Began compiling node model.marketing_transform.dim_date
[0m20:43:24.159315 [debug] [Thread-3 (]: Began compiling node model.marketing_transform.fact_trends
[0m20:43:24.191969 [debug] [Thread-1 (]: Writing injected SQL for node "model.marketing_transform.dim_date"
[0m20:43:24.206783 [debug] [Thread-4 (]: Writing runtime sql for node "model.marketing_transform.fact_articles"
[0m20:43:24.211900 [debug] [Thread-3 (]: Writing injected SQL for node "model.marketing_transform.fact_trends"
[0m20:43:24.214736 [debug] [Thread-1 (]: Timing info for model.marketing_transform.dim_date (compile): 20:43:24.187160 => 20:43:24.214186
[0m20:43:24.215749 [debug] [Thread-1 (]: Began executing node model.marketing_transform.dim_date
[0m20:43:24.216976 [debug] [Thread-3 (]: Timing info for model.marketing_transform.fact_trends (compile): 20:43:24.207441 => 20:43:24.216480
[0m20:43:24.229115 [debug] [Thread-3 (]: Began executing node model.marketing_transform.fact_trends
[0m20:43:24.236799 [debug] [Thread-4 (]: Using postgres connection "model.marketing_transform.fact_articles"
[0m20:43:24.243855 [debug] [Thread-1 (]: Writing runtime sql for node "model.marketing_transform.dim_date"
[0m20:43:24.259773 [debug] [Thread-3 (]: Writing runtime sql for node "model.marketing_transform.fact_trends"
[0m20:43:24.260753 [debug] [Thread-4 (]: On model.marketing_transform.fact_articles: BEGIN
[0m20:43:24.263221 [debug] [Thread-1 (]: Using postgres connection "model.marketing_transform.dim_date"
[0m20:43:24.264146 [debug] [Thread-3 (]: Using postgres connection "model.marketing_transform.fact_trends"
[0m20:43:24.265064 [debug] [Thread-4 (]: Opening a new connection, currently in state init
[0m20:43:24.266139 [debug] [Thread-1 (]: On model.marketing_transform.dim_date: BEGIN
[0m20:43:24.267023 [debug] [Thread-3 (]: On model.marketing_transform.fact_trends: BEGIN
[0m20:43:24.268433 [debug] [Thread-1 (]: Opening a new connection, currently in state closed
[0m20:43:24.269958 [debug] [Thread-3 (]: Opening a new connection, currently in state init
[0m20:43:24.287520 [debug] [Thread-1 (]: SQL status: BEGIN in 0.0 seconds
[0m20:43:24.288363 [debug] [Thread-4 (]: SQL status: BEGIN in 0.0 seconds
[0m20:43:24.289450 [debug] [Thread-1 (]: Using postgres connection "model.marketing_transform.dim_date"
[0m20:43:24.290709 [debug] [Thread-3 (]: SQL status: BEGIN in 0.0 seconds
[0m20:43:24.291761 [debug] [Thread-4 (]: Using postgres connection "model.marketing_transform.fact_articles"
[0m20:43:24.292901 [debug] [Thread-1 (]: On model.marketing_transform.dim_date: /* {"app": "dbt", "dbt_version": "1.7.0", "profile_name": "marketing_transform", "target_name": "dev", "node_id": "model.marketing_transform.dim_date"} */

  
    

  create  table "marketing_pipeline"."public"."dim_date__dbt_tmp"
  
  
    as
  
  (
    select distinct
    date,
    extract(year from date)    as year,
    extract(month from date)   as month,
    extract(week from date)    as week_number,
    to_char(date, 'Month')     as month_name,
    to_char(date, 'Day')       as day_name
from "marketing_pipeline"."public"."stg_trends"
  );
  
[0m20:43:24.293833 [debug] [Thread-3 (]: Using postgres connection "model.marketing_transform.fact_trends"
[0m20:43:24.294902 [debug] [Thread-4 (]: On model.marketing_transform.fact_articles: /* {"app": "dbt", "dbt_version": "1.7.0", "profile_name": "marketing_transform", "target_name": "dev", "node_id": "model.marketing_transform.fact_articles"} */

  
    

  create  table "marketing_pipeline"."public"."fact_articles__dbt_tmp"
  
  
    as
  
  (
    select
    keyword,
    title,
    source_name,
    published_date,
    url,
    description,
    extracted_at
from "marketing_pipeline"."public"."stg_articles"
  );
  
[0m20:43:24.296446 [debug] [Thread-3 (]: On model.marketing_transform.fact_trends: /* {"app": "dbt", "dbt_version": "1.7.0", "profile_name": "marketing_transform", "target_name": "dev", "node_id": "model.marketing_transform.fact_trends"} */

  
    

  create  table "marketing_pipeline"."public"."fact_trends__dbt_tmp"
  
  
    as
  
  (
    select
    keyword,
    date,
    interest,
    extracted_at
from "marketing_pipeline"."public"."stg_trends"
  );
  
[0m20:43:24.342991 [debug] [Thread-1 (]: SQL status: SELECT 92 in 0.0 seconds
[0m20:43:24.343996 [debug] [Thread-3 (]: SQL status: SELECT 455 in 0.0 seconds
[0m20:43:24.351607 [debug] [Thread-1 (]: Using postgres connection "model.marketing_transform.dim_date"
[0m20:43:24.352880 [debug] [Thread-4 (]: SQL status: SELECT 336 in 0.0 seconds
[0m20:43:24.359341 [debug] [Thread-3 (]: Using postgres connection "model.marketing_transform.fact_trends"
[0m20:43:24.360379 [debug] [Thread-1 (]: On model.marketing_transform.dim_date: /* {"app": "dbt", "dbt_version": "1.7.0", "profile_name": "marketing_transform", "target_name": "dev", "node_id": "model.marketing_transform.dim_date"} */
alter table "marketing_pipeline"."public"."dim_date__dbt_tmp" rename to "dim_date"
[0m20:43:24.369252 [debug] [Thread-4 (]: Using postgres connection "model.marketing_transform.fact_articles"
[0m20:43:24.371239 [debug] [Thread-3 (]: On model.marketing_transform.fact_trends: /* {"app": "dbt", "dbt_version": "1.7.0", "profile_name": "marketing_transform", "target_name": "dev", "node_id": "model.marketing_transform.fact_trends"} */
alter table "marketing_pipeline"."public"."fact_trends__dbt_tmp" rename to "fact_trends"
[0m20:43:24.372628 [debug] [Thread-4 (]: On model.marketing_transform.fact_articles: /* {"app": "dbt", "dbt_version": "1.7.0", "profile_name": "marketing_transform", "target_name": "dev", "node_id": "model.marketing_transform.fact_articles"} */
alter table "marketing_pipeline"."public"."fact_articles__dbt_tmp" rename to "fact_articles"
[0m20:43:24.375003 [debug] [Thread-1 (]: SQL status: ALTER TABLE in 0.0 seconds
[0m20:43:24.376251 [debug] [Thread-3 (]: SQL status: ALTER TABLE in 0.0 seconds
[0m20:43:24.383107 [debug] [Thread-4 (]: SQL status: ALTER TABLE in 0.0 seconds
[0m20:43:24.398836 [debug] [Thread-1 (]: On model.marketing_transform.dim_date: COMMIT
[0m20:43:24.403006 [debug] [Thread-3 (]: On model.marketing_transform.fact_trends: COMMIT
[0m20:43:24.408259 [debug] [Thread-4 (]: On model.marketing_transform.fact_articles: COMMIT
[0m20:43:24.409177 [debug] [Thread-1 (]: Using postgres connection "model.marketing_transform.dim_date"
[0m20:43:24.410240 [debug] [Thread-3 (]: Using postgres connection "model.marketing_transform.fact_trends"
[0m20:43:24.411152 [debug] [Thread-4 (]: Using postgres connection "model.marketing_transform.fact_articles"
[0m20:43:24.412234 [debug] [Thread-1 (]: On model.marketing_transform.dim_date: COMMIT
[0m20:43:24.413292 [debug] [Thread-3 (]: On model.marketing_transform.fact_trends: COMMIT
[0m20:43:24.415137 [debug] [Thread-4 (]: On model.marketing_transform.fact_articles: COMMIT
[0m20:43:24.422601 [debug] [Thread-1 (]: SQL status: COMMIT in 0.0 seconds
[0m20:43:24.428960 [debug] [Thread-3 (]: SQL status: COMMIT in 0.0 seconds
[0m20:43:24.428066 [debug] [Thread-1 (]: Applying DROP to: "marketing_pipeline"."public"."dim_date__dbt_backup"
[0m20:43:24.430690 [debug] [Thread-4 (]: SQL status: COMMIT in 0.0 seconds
[0m20:43:24.437001 [debug] [Thread-3 (]: Applying DROP to: "marketing_pipeline"."public"."fact_trends__dbt_backup"
[0m20:43:24.442104 [debug] [Thread-1 (]: Using postgres connection "model.marketing_transform.dim_date"
[0m20:43:24.448009 [debug] [Thread-4 (]: Applying DROP to: "marketing_pipeline"."public"."fact_articles__dbt_backup"
[0m20:43:24.451435 [debug] [Thread-3 (]: Using postgres connection "model.marketing_transform.fact_trends"
[0m20:43:24.452701 [debug] [Thread-1 (]: On model.marketing_transform.dim_date: /* {"app": "dbt", "dbt_version": "1.7.0", "profile_name": "marketing_transform", "target_name": "dev", "node_id": "model.marketing_transform.dim_date"} */
drop table if exists "marketing_pipeline"."public"."dim_date__dbt_backup" cascade
[0m20:43:24.454514 [debug] [Thread-4 (]: Using postgres connection "model.marketing_transform.fact_articles"
[0m20:43:24.455440 [debug] [Thread-3 (]: On model.marketing_transform.fact_trends: /* {"app": "dbt", "dbt_version": "1.7.0", "profile_name": "marketing_transform", "target_name": "dev", "node_id": "model.marketing_transform.fact_trends"} */
drop table if exists "marketing_pipeline"."public"."fact_trends__dbt_backup" cascade
[0m20:43:24.456882 [debug] [Thread-4 (]: On model.marketing_transform.fact_articles: /* {"app": "dbt", "dbt_version": "1.7.0", "profile_name": "marketing_transform", "target_name": "dev", "node_id": "model.marketing_transform.fact_articles"} */
drop table if exists "marketing_pipeline"."public"."fact_articles__dbt_backup" cascade
[0m20:43:24.457793 [debug] [Thread-1 (]: SQL status: DROP TABLE in 0.0 seconds
[0m20:43:24.461340 [debug] [Thread-1 (]: Timing info for model.marketing_transform.dim_date (execute): 20:43:24.217780 => 20:43:24.460763
[0m20:43:24.463397 [debug] [Thread-4 (]: SQL status: DROP TABLE in 0.0 seconds
[0m20:43:24.464201 [debug] [Thread-3 (]: SQL status: DROP TABLE in 0.0 seconds
[0m20:43:24.464967 [debug] [Thread-1 (]: On model.marketing_transform.dim_date: Close
[0m20:43:24.468060 [debug] [Thread-4 (]: Timing info for model.marketing_transform.fact_articles (execute): 20:43:24.132138 => 20:43:24.467649
[0m20:43:24.471269 [debug] [Thread-3 (]: Timing info for model.marketing_transform.fact_trends (execute): 20:43:24.237332 => 20:43:24.470946
[0m20:43:24.472293 [debug] [Thread-4 (]: On model.marketing_transform.fact_articles: Close
[0m20:43:24.474153 [debug] [Thread-1 (]: Sending event: {'category': 'dbt', 'action': 'run_model', 'label': 'a92dfe6a-3c81-4d75-aae8-585444e8b06d', 'context': [<snowplow_tracker.self_describing_json.SelfDescribingJson object at 0x7ae1f2dff2e0>]}
[0m20:43:24.475207 [debug] [Thread-3 (]: On model.marketing_transform.fact_trends: Close
[0m20:43:24.479570 [debug] [Thread-4 (]: Sending event: {'category': 'dbt', 'action': 'run_model', 'label': 'a92dfe6a-3c81-4d75-aae8-585444e8b06d', 'context': [<snowplow_tracker.self_describing_json.SelfDescribingJson object at 0x7ae1f1caf550>]}
[0m20:43:24.477218 [info ] [Thread-1 (]: 4 of 5 OK created sql table model public.dim_date .............................. [[32mSELECT 92[0m in 0.35s]
[0m20:43:24.487815 [debug] [Thread-3 (]: Sending event: {'category': 'dbt', 'action': 'run_model', 'label': 'a92dfe6a-3c81-4d75-aae8-585444e8b06d', 'context': [<snowplow_tracker.self_describing_json.SelfDescribingJson object at 0x7ae1f1b751b0>]}
[0m20:43:24.483225 [info ] [Thread-4 (]: 3 of 5 OK created sql table model public.fact_articles ......................... [[32mSELECT 336[0m in 0.41s]
[0m20:43:24.491125 [debug] [Thread-1 (]: Finished running node model.marketing_transform.dim_date
[0m20:43:24.493275 [info ] [Thread-3 (]: 5 of 5 OK created sql table model public.fact_trends ........................... [[32mSELECT 455[0m in 0.36s]
[0m20:43:24.496562 [debug] [Thread-4 (]: Finished running node model.marketing_transform.fact_articles
[0m20:43:24.498929 [debug] [Thread-3 (]: Finished running node model.marketing_transform.fact_trends
[0m20:43:24.505540 [debug] [MainThread]: Using postgres connection "master"
[0m20:43:24.507242 [debug] [MainThread]: On master: BEGIN
[0m20:43:24.508674 [debug] [MainThread]: Opening a new connection, currently in state closed
[0m20:43:24.526426 [debug] [MainThread]: SQL status: BEGIN in 0.0 seconds
[0m20:43:24.527718 [debug] [MainThread]: On master: COMMIT
[0m20:43:24.529167 [debug] [MainThread]: Using postgres connection "master"
[0m20:43:24.530457 [debug] [MainThread]: On master: COMMIT
[0m20:43:24.532128 [debug] [MainThread]: SQL status: COMMIT in 0.0 seconds
[0m20:43:24.533266 [debug] [MainThread]: On master: Close
[0m20:43:24.536131 [debug] [MainThread]: Connection 'master' was properly closed.
[0m20:43:24.537305 [debug] [MainThread]: Connection 'model.marketing_transform.dim_date' was properly closed.
[0m20:43:24.538296 [debug] [MainThread]: Connection 'model.marketing_transform.stg_trends' was properly closed.
[0m20:43:24.539023 [debug] [MainThread]: Connection 'model.marketing_transform.fact_articles' was properly closed.
[0m20:43:24.539674 [debug] [MainThread]: Connection 'model.marketing_transform.fact_trends' was properly closed.
[0m20:43:24.540685 [info ] [MainThread]: 
[0m20:43:24.542185 [info ] [MainThread]: Finished running 2 view models, 3 table models in 0 hours 0 minutes and 2.01 seconds (2.01s).
[0m20:43:24.549120 [debug] [MainThread]: Command end result
[0m20:43:24.579282 [info ] [MainThread]: 
[0m20:43:24.581007 [info ] [MainThread]: [32mCompleted successfully[0m
[0m20:43:24.582282 [info ] [MainThread]: 
[0m20:43:24.583276 [info ] [MainThread]: Done. PASS=5 WARN=0 ERROR=0 SKIP=0 TOTAL=5
[0m20:43:24.587053 [debug] [MainThread]: Resource report: {"command_name": "run", "command_success": true, "command_wall_clock_time": 4.507384, "process_user_time": 8.125873, "process_kernel_time": 3.473021, "process_mem_max_rss": "112384", "process_in_blocks": "86784", "process_out_blocks": "2496"}
[0m20:43:24.588332 [debug] [MainThread]: Command `dbt run` succeeded at 20:43:24.588039 after 4.51 seconds
[0m20:43:24.589310 [debug] [MainThread]: Sending event: {'category': 'dbt', 'action': 'invocation', 'label': 'end', 'context': [<snowplow_tracker.self_describing_json.SelfDescribingJson object at 0x7ae1f6b37340>, <snowplow_tracker.self_describing_json.SelfDescribingJson object at 0x7ae1f304ce80>, <snowplow_tracker.self_describing_json.SelfDescribingJson object at 0x7ae1f30703a0>]}
[0m20:43:24.590443 [debug] [MainThread]: Flushing usage events
[0m20:44:20.538587 [debug] [MainThread]: Sending event: {'category': 'dbt', 'action': 'invocation', 'label': 'start', 'context': [<snowplow_tracker.self_describing_json.SelfDescribingJson object at 0x70c576b1f310>, <snowplow_tracker.self_describing_json.SelfDescribingJson object at 0x70c574889de0>, <snowplow_tracker.self_describing_json.SelfDescribingJson object at 0x70c574889d80>]}


============================== 20:44:20.543626 | 1561b0a4-4ec4-4717-95ad-89181295a413 ==============================
[0m20:44:20.543626 [info ] [MainThread]: Running with dbt=1.7.0
[0m20:44:20.544679 [debug] [MainThread]: running dbt with arguments {'printer_width': '80', 'indirect_selection': 'eager', 'log_cache_events': 'False', 'write_json': 'True', 'partial_parse': 'True', 'cache_selected_only': 'False', 'profiles_dir': '/usr/app/dbt', 'debug': 'False', 'version_check': 'True', 'log_path': '/usr/app/dbt/logs', 'warn_error': 'None', 'fail_fast': 'False', 'use_colors': 'True', 'use_experimental_parser': 'False', 'no_print': 'None', 'quiet': 'False', 'warn_error_options': 'WarnErrorOptions(include=[], exclude=[])', 'invocation_command': 'dbt test', 'log_format': 'default', 'introspect': 'True', 'target_path': 'None', 'static_parser': 'True', 'send_anonymous_usage_stats': 'True'}
[0m20:44:20.864966 [debug] [MainThread]: Sending event: {'category': 'dbt', 'action': 'project_id', 'label': '1561b0a4-4ec4-4717-95ad-89181295a413', 'context': [<snowplow_tracker.self_describing_json.SelfDescribingJson object at 0x70c574889e10>]}
[0m20:44:21.014525 [debug] [MainThread]: Sending event: {'category': 'dbt', 'action': 'adapter_info', 'label': '1561b0a4-4ec4-4717-95ad-89181295a413', 'context': [<snowplow_tracker.self_describing_json.SelfDescribingJson object at 0x70c573009990>]}
[0m20:44:21.015649 [info ] [MainThread]: Registered adapter: postgres=1.7.0
[0m20:44:21.036464 [debug] [MainThread]: checksum: 8434eacd4ffdf0ca3ab22bf0e2d55b45306c9599613e842b959405abc489e606, vars: {}, profile: , target: , version: 1.7.0
[0m20:44:21.115028 [debug] [MainThread]: Partial parsing enabled: 0 files deleted, 0 files added, 0 files changed.
[0m20:44:21.115794 [debug] [MainThread]: Partial parsing enabled, no changes found, skipping parsing
[0m20:44:21.125617 [debug] [MainThread]: Sending event: {'category': 'dbt', 'action': 'load_project', 'label': '1561b0a4-4ec4-4717-95ad-89181295a413', 'context': [<snowplow_tracker.self_describing_json.SelfDescribingJson object at 0x70c572df41f0>]}
[0m20:44:21.148299 [debug] [MainThread]: Sending event: {'category': 'dbt', 'action': 'resource_counts', 'label': '1561b0a4-4ec4-4717-95ad-89181295a413', 'context': [<snowplow_tracker.self_describing_json.SelfDescribingJson object at 0x70c572dbae00>]}
[0m20:44:21.149320 [info ] [MainThread]: Found 5 models, 2 sources, 0 exposures, 0 metrics, 401 macros, 0 groups, 0 semantic models
[0m20:44:21.152559 [debug] [MainThread]: Sending event: {'category': 'dbt', 'action': 'runnable_timing', 'label': '1561b0a4-4ec4-4717-95ad-89181295a413', 'context': [<snowplow_tracker.self_describing_json.SelfDescribingJson object at 0x70c572dbb0d0>]}
[0m20:44:21.158167 [info ] [MainThread]: 
[0m20:44:21.159648 [warn ] [MainThread]: Nothing to do. Try checking your model configs and model specification args
[0m20:44:21.162639 [debug] [MainThread]: Command end result
[0m20:44:21.191330 [debug] [MainThread]: Resource report: {"command_name": "test", "command_success": true, "command_wall_clock_time": 0.7496782, "process_user_time": 4.147704, "process_kernel_time": 0.782207, "process_mem_max_rss": "101684", "process_in_blocks": "27736", "process_out_blocks": "1584"}
[0m20:44:21.193806 [debug] [MainThread]: Command `dbt test` succeeded at 20:44:21.193416 after 0.75 seconds
[0m20:44:21.195299 [debug] [MainThread]: Sending event: {'category': 'dbt', 'action': 'invocation', 'label': 'end', 'context': [<snowplow_tracker.self_describing_json.SelfDescribingJson object at 0x70c576b1f310>, <snowplow_tracker.self_describing_json.SelfDescribingJson object at 0x70c5731180d0>, <snowplow_tracker.self_describing_json.SelfDescribingJson object at 0x70c572dba320>]}
[0m20:44:21.196827 [debug] [MainThread]: Flushing usage events
[0m20:46:29.527525 [debug] [MainThread]: Sending event: {'category': 'dbt', 'action': 'invocation', 'label': 'start', 'context': [<snowplow_tracker.self_describing_json.SelfDescribingJson object at 0x78dbe740b340>, <snowplow_tracker.self_describing_json.SelfDescribingJson object at 0x78dbe5141e40>, <snowplow_tracker.self_describing_json.SelfDescribingJson object at 0x78dbe5141de0>]}


============================== 20:46:29.545226 | 0286f53c-16b2-45d7-8c0d-7265e30d1638 ==============================
[0m20:46:29.545226 [info ] [MainThread]: Running with dbt=1.7.0
[0m20:46:29.547542 [debug] [MainThread]: running dbt with arguments {'printer_width': '80', 'indirect_selection': 'eager', 'log_cache_events': 'False', 'write_json': 'True', 'partial_parse': 'True', 'cache_selected_only': 'False', 'profiles_dir': '/usr/app/dbt', 'version_check': 'True', 'fail_fast': 'False', 'log_path': '/usr/app/dbt/logs', 'debug': 'False', 'warn_error': 'None', 'use_colors': 'True', 'use_experimental_parser': 'False', 'no_print': 'None', 'quiet': 'False', 'warn_error_options': 'WarnErrorOptions(include=[], exclude=[])', 'static_parser': 'True', 'invocation_command': 'dbt test', 'log_format': 'default', 'target_path': 'None', 'introspect': 'True', 'send_anonymous_usage_stats': 'True'}
[0m20:46:30.062218 [debug] [MainThread]: Sending event: {'category': 'dbt', 'action': 'project_id', 'label': '0286f53c-16b2-45d7-8c0d-7265e30d1638', 'context': [<snowplow_tracker.self_describing_json.SelfDescribingJson object at 0x78dbe5ca13f0>]}
[0m20:46:30.300581 [debug] [MainThread]: Sending event: {'category': 'dbt', 'action': 'adapter_info', 'label': '0286f53c-16b2-45d7-8c0d-7265e30d1638', 'context': [<snowplow_tracker.self_describing_json.SelfDescribingJson object at 0x78dbe38b8ca0>]}
[0m20:46:30.303335 [info ] [MainThread]: Registered adapter: postgres=1.7.0
[0m20:46:30.344057 [debug] [MainThread]: checksum: 8434eacd4ffdf0ca3ab22bf0e2d55b45306c9599613e842b959405abc489e606, vars: {}, profile: , target: , version: 1.7.0
[0m20:46:30.502451 [debug] [MainThread]: Partial parsing enabled: 0 files deleted, 1 files added, 0 files changed.
[0m20:46:30.503537 [debug] [MainThread]: Partial parsing: added file: marketing_transform://models/staging/schema.yml
[0m20:46:31.060602 [debug] [MainThread]: Sending event: {'category': 'dbt', 'action': 'load_project', 'label': '0286f53c-16b2-45d7-8c0d-7265e30d1638', 'context': [<snowplow_tracker.self_describing_json.SelfDescribingJson object at 0x78dbe34540d0>]}
[0m20:46:31.102764 [debug] [MainThread]: Sending event: {'category': 'dbt', 'action': 'resource_counts', 'label': '0286f53c-16b2-45d7-8c0d-7265e30d1638', 'context': [<snowplow_tracker.self_describing_json.SelfDescribingJson object at 0x78dbe33f7910>]}
[0m20:46:31.104224 [info ] [MainThread]: Found 5 models, 7 tests, 2 sources, 0 exposures, 0 metrics, 401 macros, 0 groups, 0 semantic models
[0m20:46:31.106493 [debug] [MainThread]: Sending event: {'category': 'dbt', 'action': 'runnable_timing', 'label': '0286f53c-16b2-45d7-8c0d-7265e30d1638', 'context': [<snowplow_tracker.self_describing_json.SelfDescribingJson object at 0x78dbe33f5930>]}
[0m20:46:31.113330 [info ] [MainThread]: 
[0m20:46:31.119958 [debug] [MainThread]: Acquiring new postgres connection 'master'
[0m20:46:31.126922 [debug] [ThreadPool]: Acquiring new postgres connection 'list_marketing_pipeline_public'
[0m20:46:31.169760 [debug] [ThreadPool]: Using postgres connection "list_marketing_pipeline_public"
[0m20:46:31.170447 [debug] [ThreadPool]: On list_marketing_pipeline_public: BEGIN
[0m20:46:31.171006 [debug] [ThreadPool]: Opening a new connection, currently in state init
[0m20:46:31.262857 [debug] [ThreadPool]: SQL status: BEGIN in 0.0 seconds
[0m20:46:31.264318 [debug] [ThreadPool]: Using postgres connection "list_marketing_pipeline_public"
[0m20:46:31.265293 [debug] [ThreadPool]: On list_marketing_pipeline_public: /* {"app": "dbt", "dbt_version": "1.7.0", "profile_name": "marketing_transform", "target_name": "dev", "connection_name": "list_marketing_pipeline_public"} */
select
      'marketing_pipeline' as database,
      tablename as name,
      schemaname as schema,
      'table' as type
    from pg_tables
    where schemaname ilike 'public'
    union all
    select
      'marketing_pipeline' as database,
      viewname as name,
      schemaname as schema,
      'view' as type
    from pg_views
    where schemaname ilike 'public'
    union all
    select
      'marketing_pipeline' as database,
      matviewname as name,
      schemaname as schema,
      'materialized_view' as type
    from pg_matviews
    where schemaname ilike 'public'
  
[0m20:46:31.301007 [debug] [ThreadPool]: SQL status: SELECT 200 in 0.0 seconds
[0m20:46:31.313351 [debug] [ThreadPool]: On list_marketing_pipeline_public: ROLLBACK
[0m20:46:31.315004 [debug] [ThreadPool]: On list_marketing_pipeline_public: Close
[0m20:46:31.385147 [debug] [MainThread]: Using postgres connection "master"
[0m20:46:31.385950 [debug] [MainThread]: On master: BEGIN
[0m20:46:31.386527 [debug] [MainThread]: Opening a new connection, currently in state init
[0m20:46:31.407222 [debug] [MainThread]: SQL status: BEGIN in 0.0 seconds
[0m20:46:31.408749 [debug] [MainThread]: Using postgres connection "master"
[0m20:46:31.410782 [debug] [MainThread]: On master: /* {"app": "dbt", "dbt_version": "1.7.0", "profile_name": "marketing_transform", "target_name": "dev", "connection_name": "master"} */
with relation as (
        select
            pg_rewrite.ev_class as class,
            pg_rewrite.oid as id
        from pg_rewrite
    ),
    class as (
        select
            oid as id,
            relname as name,
            relnamespace as schema,
            relkind as kind
        from pg_class
    ),
    dependency as (
        select distinct
            pg_depend.objid as id,
            pg_depend.refobjid as ref
        from pg_depend
    ),
    schema as (
        select
            pg_namespace.oid as id,
            pg_namespace.nspname as name
        from pg_namespace
        where nspname != 'information_schema' and nspname not like 'pg\_%'
    ),
    referenced as (
        select
            relation.id AS id,
            referenced_class.name ,
            referenced_class.schema ,
            referenced_class.kind
        from relation
        join class as referenced_class on relation.class=referenced_class.id
        where referenced_class.kind in ('r', 'v', 'm')
    ),
    relationships as (
        select
            referenced.name as referenced_name,
            referenced.schema as referenced_schema_id,
            dependent_class.name as dependent_name,
            dependent_class.schema as dependent_schema_id,
            referenced.kind as kind
        from referenced
        join dependency on referenced.id=dependency.id
        join class as dependent_class on dependency.ref=dependent_class.id
        where
            (referenced.name != dependent_class.name or
             referenced.schema != dependent_class.schema)
    )

    select
        referenced_schema.name as referenced_schema,
        relationships.referenced_name as referenced_name,
        dependent_schema.name as dependent_schema,
        relationships.dependent_name as dependent_name
    from relationships
    join schema as dependent_schema on relationships.dependent_schema_id=dependent_schema.id
    join schema as referenced_schema on relationships.referenced_schema_id=referenced_schema.id
    group by referenced_schema, referenced_name, dependent_schema, dependent_name
    order by referenced_schema, referenced_name, dependent_schema, dependent_name;
[0m20:46:31.461311 [debug] [MainThread]: SQL status: SELECT 35 in 0.0 seconds
[0m20:46:31.484236 [debug] [MainThread]: Sending event: {'category': 'dbt', 'action': 'runnable_timing', 'label': '0286f53c-16b2-45d7-8c0d-7265e30d1638', 'context': [<snowplow_tracker.self_describing_json.SelfDescribingJson object at 0x78dbe39061d0>]}
[0m20:46:31.485115 [debug] [MainThread]: On master: ROLLBACK
[0m20:46:31.486261 [debug] [MainThread]: Using postgres connection "master"
[0m20:46:31.487051 [debug] [MainThread]: On master: BEGIN
[0m20:46:31.490211 [debug] [MainThread]: SQL status: BEGIN in 0.0 seconds
[0m20:46:31.491045 [debug] [MainThread]: On master: COMMIT
[0m20:46:31.492054 [debug] [MainThread]: Using postgres connection "master"
[0m20:46:31.492704 [debug] [MainThread]: On master: COMMIT
[0m20:46:31.494144 [debug] [MainThread]: SQL status: COMMIT in 0.0 seconds
[0m20:46:31.495424 [debug] [MainThread]: On master: Close
[0m20:46:31.497597 [info ] [MainThread]: Concurrency: 4 threads (target='dev')
[0m20:46:31.498563 [info ] [MainThread]: 
[0m20:46:31.513058 [debug] [Thread-1 (]: Began running node test.marketing_transform.not_null_stg_articles_keyword.7821df72ff
[0m20:46:31.514809 [debug] [Thread-2 (]: Began running node test.marketing_transform.not_null_stg_articles_title.60115648d6
[0m20:46:31.517779 [debug] [Thread-3 (]: Began running node test.marketing_transform.not_null_stg_articles_url.1fff0c0537
[0m20:46:31.519271 [debug] [Thread-4 (]: Began running node test.marketing_transform.not_null_stg_trends_date.6baf9e0a68
[0m20:46:31.516156 [info ] [Thread-1 (]: 1 of 7 START test not_null_stg_articles_keyword ................................ [RUN]
[0m20:46:31.522154 [info ] [Thread-2 (]: 2 of 7 START test not_null_stg_articles_title .................................. [RUN]
[0m20:46:31.525321 [info ] [Thread-3 (]: 3 of 7 START test not_null_stg_articles_url .................................... [RUN]
[0m20:46:31.529468 [info ] [Thread-4 (]: 4 of 7 START test not_null_stg_trends_date ..................................... [RUN]
[0m20:46:31.532265 [debug] [Thread-1 (]: Re-using an available connection from the pool (formerly list_marketing_pipeline_public, now test.marketing_transform.not_null_stg_articles_keyword.7821df72ff)
[0m20:46:31.535710 [debug] [Thread-2 (]: Acquiring new postgres connection 'test.marketing_transform.not_null_stg_articles_title.60115648d6'
[0m20:46:31.540225 [debug] [Thread-3 (]: Acquiring new postgres connection 'test.marketing_transform.not_null_stg_articles_url.1fff0c0537'
[0m20:46:31.545352 [debug] [Thread-4 (]: Acquiring new postgres connection 'test.marketing_transform.not_null_stg_trends_date.6baf9e0a68'
[0m20:46:31.547597 [debug] [Thread-1 (]: Began compiling node test.marketing_transform.not_null_stg_articles_keyword.7821df72ff
[0m20:46:31.549598 [debug] [Thread-2 (]: Began compiling node test.marketing_transform.not_null_stg_articles_title.60115648d6
[0m20:46:31.551781 [debug] [Thread-3 (]: Began compiling node test.marketing_transform.not_null_stg_articles_url.1fff0c0537
[0m20:46:31.553927 [debug] [Thread-4 (]: Began compiling node test.marketing_transform.not_null_stg_trends_date.6baf9e0a68
[0m20:46:31.706916 [debug] [Thread-2 (]: Writing injected SQL for node "test.marketing_transform.not_null_stg_articles_title.60115648d6"
[0m20:46:31.705127 [debug] [Thread-1 (]: Writing injected SQL for node "test.marketing_transform.not_null_stg_articles_keyword.7821df72ff"
[0m20:46:31.719210 [debug] [Thread-3 (]: Writing injected SQL for node "test.marketing_transform.not_null_stg_articles_url.1fff0c0537"
[0m20:46:31.730672 [debug] [Thread-4 (]: Writing injected SQL for node "test.marketing_transform.not_null_stg_trends_date.6baf9e0a68"
[0m20:46:31.734281 [debug] [Thread-3 (]: Timing info for test.marketing_transform.not_null_stg_articles_url.1fff0c0537 (compile): 20:46:31.708540 => 20:46:31.733704
[0m20:46:31.735570 [debug] [Thread-2 (]: Timing info for test.marketing_transform.not_null_stg_articles_title.60115648d6 (compile): 20:46:31.578727 => 20:46:31.735129
[0m20:46:31.737019 [debug] [Thread-3 (]: Began executing node test.marketing_transform.not_null_stg_articles_url.1fff0c0537
[0m20:46:31.739178 [debug] [Thread-1 (]: Timing info for test.marketing_transform.not_null_stg_articles_keyword.7821df72ff (compile): 20:46:31.555270 => 20:46:31.738240
[0m20:46:31.741305 [debug] [Thread-2 (]: Began executing node test.marketing_transform.not_null_stg_articles_title.60115648d6
[0m20:46:31.742624 [debug] [Thread-4 (]: Timing info for test.marketing_transform.not_null_stg_trends_date.6baf9e0a68 (compile): 20:46:31.720097 => 20:46:31.742067
[0m20:46:31.760154 [debug] [Thread-1 (]: Began executing node test.marketing_transform.not_null_stg_articles_keyword.7821df72ff
[0m20:46:31.785493 [debug] [Thread-2 (]: Writing runtime sql for node "test.marketing_transform.not_null_stg_articles_title.60115648d6"
[0m20:46:31.780391 [debug] [Thread-3 (]: Writing runtime sql for node "test.marketing_transform.not_null_stg_articles_url.1fff0c0537"
[0m20:46:31.788194 [debug] [Thread-4 (]: Began executing node test.marketing_transform.not_null_stg_trends_date.6baf9e0a68
[0m20:46:31.793866 [debug] [Thread-1 (]: Writing runtime sql for node "test.marketing_transform.not_null_stg_articles_keyword.7821df72ff"
[0m20:46:31.806413 [debug] [Thread-4 (]: Writing runtime sql for node "test.marketing_transform.not_null_stg_trends_date.6baf9e0a68"
[0m20:46:31.808115 [debug] [Thread-2 (]: Using postgres connection "test.marketing_transform.not_null_stg_articles_title.60115648d6"
[0m20:46:31.810313 [debug] [Thread-3 (]: Using postgres connection "test.marketing_transform.not_null_stg_articles_url.1fff0c0537"
[0m20:46:31.812509 [debug] [Thread-2 (]: On test.marketing_transform.not_null_stg_articles_title.60115648d6: BEGIN
[0m20:46:31.814701 [debug] [Thread-1 (]: Using postgres connection "test.marketing_transform.not_null_stg_articles_keyword.7821df72ff"
[0m20:46:31.816005 [debug] [Thread-3 (]: On test.marketing_transform.not_null_stg_articles_url.1fff0c0537: BEGIN
[0m20:46:31.817197 [debug] [Thread-4 (]: Using postgres connection "test.marketing_transform.not_null_stg_trends_date.6baf9e0a68"
[0m20:46:31.818352 [debug] [Thread-2 (]: Opening a new connection, currently in state init
[0m20:46:31.819804 [debug] [Thread-1 (]: On test.marketing_transform.not_null_stg_articles_keyword.7821df72ff: BEGIN
[0m20:46:31.821737 [debug] [Thread-3 (]: Opening a new connection, currently in state init
[0m20:46:31.823315 [debug] [Thread-4 (]: On test.marketing_transform.not_null_stg_trends_date.6baf9e0a68: BEGIN
[0m20:46:31.825434 [debug] [Thread-1 (]: Opening a new connection, currently in state closed
[0m20:46:31.827541 [debug] [Thread-4 (]: Opening a new connection, currently in state init
[0m20:46:31.845552 [debug] [Thread-2 (]: SQL status: BEGIN in 0.0 seconds
[0m20:46:31.847106 [debug] [Thread-3 (]: SQL status: BEGIN in 0.0 seconds
[0m20:46:31.848421 [debug] [Thread-2 (]: Using postgres connection "test.marketing_transform.not_null_stg_articles_title.60115648d6"
[0m20:46:31.849555 [debug] [Thread-3 (]: Using postgres connection "test.marketing_transform.not_null_stg_articles_url.1fff0c0537"
[0m20:46:31.850791 [debug] [Thread-2 (]: On test.marketing_transform.not_null_stg_articles_title.60115648d6: /* {"app": "dbt", "dbt_version": "1.7.0", "profile_name": "marketing_transform", "target_name": "dev", "node_id": "test.marketing_transform.not_null_stg_articles_title.60115648d6"} */
select
      count(*) as failures,
      count(*) != 0 as should_warn,
      count(*) != 0 as should_error
    from (
      
    
    



select title
from "marketing_pipeline"."public"."stg_articles"
where title is null



      
    ) dbt_internal_test
[0m20:46:31.852345 [debug] [Thread-3 (]: On test.marketing_transform.not_null_stg_articles_url.1fff0c0537: /* {"app": "dbt", "dbt_version": "1.7.0", "profile_name": "marketing_transform", "target_name": "dev", "node_id": "test.marketing_transform.not_null_stg_articles_url.1fff0c0537"} */
select
      count(*) as failures,
      count(*) != 0 as should_warn,
      count(*) != 0 as should_error
    from (
      
    
    



select url
from "marketing_pipeline"."public"."stg_articles"
where url is null



      
    ) dbt_internal_test
[0m20:46:31.856295 [debug] [Thread-4 (]: SQL status: BEGIN in 0.0 seconds
[0m20:46:31.858485 [debug] [Thread-4 (]: Using postgres connection "test.marketing_transform.not_null_stg_trends_date.6baf9e0a68"
[0m20:46:31.860796 [debug] [Thread-4 (]: On test.marketing_transform.not_null_stg_trends_date.6baf9e0a68: /* {"app": "dbt", "dbt_version": "1.7.0", "profile_name": "marketing_transform", "target_name": "dev", "node_id": "test.marketing_transform.not_null_stg_trends_date.6baf9e0a68"} */
select
      count(*) as failures,
      count(*) != 0 as should_warn,
      count(*) != 0 as should_error
    from (
      
    
    



select date
from "marketing_pipeline"."public"."stg_trends"
where date is null



      
    ) dbt_internal_test
[0m20:46:31.864632 [debug] [Thread-1 (]: SQL status: BEGIN in 0.0 seconds
[0m20:46:31.866116 [debug] [Thread-1 (]: Using postgres connection "test.marketing_transform.not_null_stg_articles_keyword.7821df72ff"
[0m20:46:31.867393 [debug] [Thread-1 (]: On test.marketing_transform.not_null_stg_articles_keyword.7821df72ff: /* {"app": "dbt", "dbt_version": "1.7.0", "profile_name": "marketing_transform", "target_name": "dev", "node_id": "test.marketing_transform.not_null_stg_articles_keyword.7821df72ff"} */
select
      count(*) as failures,
      count(*) != 0 as should_warn,
      count(*) != 0 as should_error
    from (
      
    
    



select keyword
from "marketing_pipeline"."public"."stg_articles"
where keyword is null



      
    ) dbt_internal_test
[0m20:46:31.868911 [debug] [Thread-3 (]: SQL status: SELECT 1 in 0.0 seconds
[0m20:46:31.876984 [debug] [Thread-3 (]: Timing info for test.marketing_transform.not_null_stg_articles_url.1fff0c0537 (execute): 20:46:31.743425 => 20:46:31.875816
[0m20:46:31.878126 [debug] [Thread-2 (]: SQL status: SELECT 1 in 0.0 seconds
[0m20:46:31.879405 [debug] [Thread-4 (]: SQL status: SELECT 1 in 0.0 seconds
[0m20:46:31.880919 [debug] [Thread-3 (]: On test.marketing_transform.not_null_stg_articles_url.1fff0c0537: ROLLBACK
[0m20:46:31.882113 [debug] [Thread-1 (]: SQL status: SELECT 1 in 0.0 seconds
[0m20:46:31.885189 [debug] [Thread-2 (]: Timing info for test.marketing_transform.not_null_stg_articles_title.60115648d6 (execute): 20:46:31.780779 => 20:46:31.884684
[0m20:46:31.890184 [debug] [Thread-4 (]: Timing info for test.marketing_transform.not_null_stg_trends_date.6baf9e0a68 (execute): 20:46:31.796121 => 20:46:31.889409
[0m20:46:31.896668 [debug] [Thread-1 (]: Timing info for test.marketing_transform.not_null_stg_articles_keyword.7821df72ff (execute): 20:46:31.789264 => 20:46:31.895848
[0m20:46:31.897534 [debug] [Thread-3 (]: On test.marketing_transform.not_null_stg_articles_url.1fff0c0537: Close
[0m20:46:31.898671 [debug] [Thread-2 (]: On test.marketing_transform.not_null_stg_articles_title.60115648d6: ROLLBACK
[0m20:46:31.899836 [debug] [Thread-4 (]: On test.marketing_transform.not_null_stg_trends_date.6baf9e0a68: ROLLBACK
[0m20:46:31.901168 [debug] [Thread-1 (]: On test.marketing_transform.not_null_stg_articles_keyword.7821df72ff: ROLLBACK
[0m20:46:31.905574 [debug] [Thread-2 (]: On test.marketing_transform.not_null_stg_articles_title.60115648d6: Close
[0m20:46:31.904368 [info ] [Thread-3 (]: 3 of 7 PASS not_null_stg_articles_url .......................................... [[32mPASS[0m in 0.37s]
[0m20:46:31.908356 [debug] [Thread-4 (]: On test.marketing_transform.not_null_stg_trends_date.6baf9e0a68: Close
[0m20:46:31.910615 [debug] [Thread-1 (]: On test.marketing_transform.not_null_stg_articles_keyword.7821df72ff: Close
[0m20:46:31.914602 [info ] [Thread-2 (]: 2 of 7 PASS not_null_stg_articles_title ........................................ [[32mPASS[0m in 0.38s]
[0m20:46:31.917883 [debug] [Thread-3 (]: Finished running node test.marketing_transform.not_null_stg_articles_url.1fff0c0537
[0m20:46:31.931421 [debug] [Thread-2 (]: Finished running node test.marketing_transform.not_null_stg_articles_title.60115648d6
[0m20:46:31.923407 [info ] [Thread-4 (]: 4 of 7 PASS not_null_stg_trends_date ........................................... [[32mPASS[0m in 0.38s]
[0m20:46:31.928824 [info ] [Thread-1 (]: 1 of 7 PASS not_null_stg_articles_keyword ...................................... [[32mPASS[0m in 0.40s]
[0m20:46:31.938093 [debug] [Thread-3 (]: Began running node test.marketing_transform.not_null_stg_trends_interest.1348185ddc
[0m20:46:31.940476 [debug] [Thread-2 (]: Began running node test.marketing_transform.not_null_stg_trends_keyword.e5d50b3781
[0m20:46:31.943592 [debug] [Thread-4 (]: Finished running node test.marketing_transform.not_null_stg_trends_date.6baf9e0a68
[0m20:46:31.946907 [debug] [Thread-1 (]: Finished running node test.marketing_transform.not_null_stg_articles_keyword.7821df72ff
[0m20:46:31.949155 [info ] [Thread-3 (]: 5 of 7 START test not_null_stg_trends_interest ................................. [RUN]
[0m20:46:31.955308 [debug] [Thread-4 (]: Began running node test.marketing_transform.unique_stg_articles_url.78ddd1d1c3
[0m20:46:31.952740 [info ] [Thread-2 (]: 6 of 7 START test not_null_stg_trends_keyword .................................. [RUN]
[0m20:46:31.961282 [debug] [Thread-3 (]: Re-using an available connection from the pool (formerly test.marketing_transform.not_null_stg_articles_url.1fff0c0537, now test.marketing_transform.not_null_stg_trends_interest.1348185ddc)
[0m20:46:31.963214 [info ] [Thread-4 (]: 7 of 7 START test unique_stg_articles_url ...................................... [RUN]
[0m20:46:31.966841 [debug] [Thread-2 (]: Re-using an available connection from the pool (formerly test.marketing_transform.not_null_stg_articles_title.60115648d6, now test.marketing_transform.not_null_stg_trends_keyword.e5d50b3781)
[0m20:46:31.968891 [debug] [Thread-3 (]: Began compiling node test.marketing_transform.not_null_stg_trends_interest.1348185ddc
[0m20:46:31.972040 [debug] [Thread-4 (]: Re-using an available connection from the pool (formerly test.marketing_transform.not_null_stg_trends_date.6baf9e0a68, now test.marketing_transform.unique_stg_articles_url.78ddd1d1c3)
[0m20:46:31.974357 [debug] [Thread-2 (]: Began compiling node test.marketing_transform.not_null_stg_trends_keyword.e5d50b3781
[0m20:46:31.988128 [debug] [Thread-3 (]: Writing injected SQL for node "test.marketing_transform.not_null_stg_trends_interest.1348185ddc"
[0m20:46:31.990207 [debug] [Thread-4 (]: Began compiling node test.marketing_transform.unique_stg_articles_url.78ddd1d1c3
[0m20:46:32.005522 [debug] [Thread-2 (]: Writing injected SQL for node "test.marketing_transform.not_null_stg_trends_keyword.e5d50b3781"
[0m20:46:32.021999 [debug] [Thread-4 (]: Writing injected SQL for node "test.marketing_transform.unique_stg_articles_url.78ddd1d1c3"
[0m20:46:32.024432 [debug] [Thread-3 (]: Timing info for test.marketing_transform.not_null_stg_trends_interest.1348185ddc (compile): 20:46:31.975715 => 20:46:32.023358
[0m20:46:32.026538 [debug] [Thread-3 (]: Began executing node test.marketing_transform.not_null_stg_trends_interest.1348185ddc
[0m20:46:32.028071 [debug] [Thread-2 (]: Timing info for test.marketing_transform.not_null_stg_trends_keyword.e5d50b3781 (compile): 20:46:31.992033 => 20:46:32.027519
[0m20:46:32.034860 [debug] [Thread-4 (]: Timing info for test.marketing_transform.unique_stg_articles_url.78ddd1d1c3 (compile): 20:46:32.007034 => 20:46:32.034325
[0m20:46:32.033633 [debug] [Thread-3 (]: Writing runtime sql for node "test.marketing_transform.not_null_stg_trends_interest.1348185ddc"
[0m20:46:32.037081 [debug] [Thread-2 (]: Began executing node test.marketing_transform.not_null_stg_trends_keyword.e5d50b3781
[0m20:46:32.038271 [debug] [Thread-4 (]: Began executing node test.marketing_transform.unique_stg_articles_url.78ddd1d1c3
[0m20:46:32.046419 [debug] [Thread-2 (]: Writing runtime sql for node "test.marketing_transform.not_null_stg_trends_keyword.e5d50b3781"
[0m20:46:32.050845 [debug] [Thread-4 (]: Writing runtime sql for node "test.marketing_transform.unique_stg_articles_url.78ddd1d1c3"
[0m20:46:32.052308 [debug] [Thread-3 (]: Using postgres connection "test.marketing_transform.not_null_stg_trends_interest.1348185ddc"
[0m20:46:32.054320 [debug] [Thread-3 (]: On test.marketing_transform.not_null_stg_trends_interest.1348185ddc: BEGIN
[0m20:46:32.055600 [debug] [Thread-3 (]: Opening a new connection, currently in state closed
[0m20:46:32.057420 [debug] [Thread-2 (]: Using postgres connection "test.marketing_transform.not_null_stg_trends_keyword.e5d50b3781"
[0m20:46:32.058843 [debug] [Thread-2 (]: On test.marketing_transform.not_null_stg_trends_keyword.e5d50b3781: BEGIN
[0m20:46:32.060543 [debug] [Thread-4 (]: Using postgres connection "test.marketing_transform.unique_stg_articles_url.78ddd1d1c3"
[0m20:46:32.061356 [debug] [Thread-2 (]: Opening a new connection, currently in state closed
[0m20:46:32.062136 [debug] [Thread-4 (]: On test.marketing_transform.unique_stg_articles_url.78ddd1d1c3: BEGIN
[0m20:46:32.063736 [debug] [Thread-4 (]: Opening a new connection, currently in state closed
[0m20:46:32.069426 [debug] [Thread-3 (]: SQL status: BEGIN in 0.0 seconds
[0m20:46:32.070620 [debug] [Thread-3 (]: Using postgres connection "test.marketing_transform.not_null_stg_trends_interest.1348185ddc"
[0m20:46:32.071801 [debug] [Thread-3 (]: On test.marketing_transform.not_null_stg_trends_interest.1348185ddc: /* {"app": "dbt", "dbt_version": "1.7.0", "profile_name": "marketing_transform", "target_name": "dev", "node_id": "test.marketing_transform.not_null_stg_trends_interest.1348185ddc"} */
select
      count(*) as failures,
      count(*) != 0 as should_warn,
      count(*) != 0 as should_error
    from (
      
    
    



select interest
from "marketing_pipeline"."public"."stg_trends"
where interest is null



      
    ) dbt_internal_test
[0m20:46:32.075592 [debug] [Thread-3 (]: SQL status: SELECT 1 in 0.0 seconds
[0m20:46:32.079709 [debug] [Thread-3 (]: Timing info for test.marketing_transform.not_null_stg_trends_interest.1348185ddc (execute): 20:46:32.028590 => 20:46:32.079136
[0m20:46:32.081695 [debug] [Thread-3 (]: On test.marketing_transform.not_null_stg_trends_interest.1348185ddc: ROLLBACK
[0m20:46:32.082838 [debug] [Thread-4 (]: SQL status: BEGIN in 0.0 seconds
[0m20:46:32.083495 [debug] [Thread-2 (]: SQL status: BEGIN in 0.0 seconds
[0m20:46:32.084403 [debug] [Thread-4 (]: Using postgres connection "test.marketing_transform.unique_stg_articles_url.78ddd1d1c3"
[0m20:46:32.085270 [debug] [Thread-3 (]: On test.marketing_transform.not_null_stg_trends_interest.1348185ddc: Close
[0m20:46:32.086326 [debug] [Thread-2 (]: Using postgres connection "test.marketing_transform.not_null_stg_trends_keyword.e5d50b3781"
[0m20:46:32.087274 [debug] [Thread-4 (]: On test.marketing_transform.unique_stg_articles_url.78ddd1d1c3: /* {"app": "dbt", "dbt_version": "1.7.0", "profile_name": "marketing_transform", "target_name": "dev", "node_id": "test.marketing_transform.unique_stg_articles_url.78ddd1d1c3"} */
select
      count(*) as failures,
      count(*) != 0 as should_warn,
      count(*) != 0 as should_error
    from (
      
    
    

select
    url as unique_field,
    count(*) as n_records

from "marketing_pipeline"."public"."stg_articles"
where url is not null
group by url
having count(*) > 1



      
    ) dbt_internal_test
[0m20:46:32.089050 [debug] [Thread-2 (]: On test.marketing_transform.not_null_stg_trends_keyword.e5d50b3781: /* {"app": "dbt", "dbt_version": "1.7.0", "profile_name": "marketing_transform", "target_name": "dev", "node_id": "test.marketing_transform.not_null_stg_trends_keyword.e5d50b3781"} */
select
      count(*) as failures,
      count(*) != 0 as should_warn,
      count(*) != 0 as should_error
    from (
      
    
    



select keyword
from "marketing_pipeline"."public"."stg_trends"
where keyword is null



      
    ) dbt_internal_test
[0m20:46:32.091225 [info ] [Thread-3 (]: 5 of 7 PASS not_null_stg_trends_interest ....................................... [[32mPASS[0m in 0.13s]
[0m20:46:32.094174 [debug] [Thread-3 (]: Finished running node test.marketing_transform.not_null_stg_trends_interest.1348185ddc
[0m20:46:32.096256 [debug] [Thread-4 (]: SQL status: SELECT 1 in 0.0 seconds
[0m20:46:32.097188 [debug] [Thread-2 (]: SQL status: SELECT 1 in 0.0 seconds
[0m20:46:32.099890 [debug] [Thread-4 (]: Timing info for test.marketing_transform.unique_stg_articles_url.78ddd1d1c3 (execute): 20:46:32.047184 => 20:46:32.099335
[0m20:46:32.103534 [debug] [Thread-2 (]: Timing info for test.marketing_transform.not_null_stg_trends_keyword.e5d50b3781 (execute): 20:46:32.039513 => 20:46:32.103000
[0m20:46:32.104897 [debug] [Thread-4 (]: On test.marketing_transform.unique_stg_articles_url.78ddd1d1c3: ROLLBACK
[0m20:46:32.106161 [debug] [Thread-2 (]: On test.marketing_transform.not_null_stg_trends_keyword.e5d50b3781: ROLLBACK
[0m20:46:32.107961 [debug] [Thread-4 (]: On test.marketing_transform.unique_stg_articles_url.78ddd1d1c3: Close
[0m20:46:32.109111 [debug] [Thread-2 (]: On test.marketing_transform.not_null_stg_trends_keyword.e5d50b3781: Close
[0m20:46:32.111937 [info ] [Thread-4 (]: 7 of 7 PASS unique_stg_articles_url ............................................ [[32mPASS[0m in 0.14s]
[0m20:46:32.115073 [debug] [Thread-4 (]: Finished running node test.marketing_transform.unique_stg_articles_url.78ddd1d1c3
[0m20:46:32.120460 [info ] [Thread-2 (]: 6 of 7 PASS not_null_stg_trends_keyword ........................................ [[32mPASS[0m in 0.15s]
[0m20:46:32.124640 [debug] [Thread-2 (]: Finished running node test.marketing_transform.not_null_stg_trends_keyword.e5d50b3781
[0m20:46:32.131335 [debug] [MainThread]: Using postgres connection "master"
[0m20:46:32.132535 [debug] [MainThread]: On master: BEGIN
[0m20:46:32.133443 [debug] [MainThread]: Opening a new connection, currently in state closed
[0m20:46:32.150526 [debug] [MainThread]: SQL status: BEGIN in 0.0 seconds
[0m20:46:32.151435 [debug] [MainThread]: On master: COMMIT
[0m20:46:32.152779 [debug] [MainThread]: Using postgres connection "master"
[0m20:46:32.154414 [debug] [MainThread]: On master: COMMIT
[0m20:46:32.156160 [debug] [MainThread]: SQL status: COMMIT in 0.0 seconds
[0m20:46:32.157696 [debug] [MainThread]: On master: Close
[0m20:46:32.159604 [debug] [MainThread]: Connection 'master' was properly closed.
[0m20:46:32.160756 [debug] [MainThread]: Connection 'test.marketing_transform.not_null_stg_articles_keyword.7821df72ff' was properly closed.
[0m20:46:32.161643 [debug] [MainThread]: Connection 'test.marketing_transform.not_null_stg_trends_keyword.e5d50b3781' was properly closed.
[0m20:46:32.162244 [debug] [MainThread]: Connection 'test.marketing_transform.not_null_stg_trends_interest.1348185ddc' was properly closed.
[0m20:46:32.162834 [debug] [MainThread]: Connection 'test.marketing_transform.unique_stg_articles_url.78ddd1d1c3' was properly closed.
[0m20:46:32.163828 [info ] [MainThread]: 
[0m20:46:32.164857 [info ] [MainThread]: Finished running 7 tests in 0 hours 0 minutes and 1.04 seconds (1.04s).
[0m20:46:32.170185 [debug] [MainThread]: Command end result
[0m20:46:32.203771 [info ] [MainThread]: 
[0m20:46:32.205785 [info ] [MainThread]: [32mCompleted successfully[0m
[0m20:46:32.207143 [info ] [MainThread]: 
[0m20:46:32.208993 [info ] [MainThread]: Done. PASS=7 WARN=0 ERROR=0 SKIP=0 TOTAL=7
[0m20:46:32.214891 [debug] [MainThread]: Resource report: {"command_name": "test", "command_success": true, "command_wall_clock_time": 3.0477338, "process_user_time": 5.967135, "process_kernel_time": 1.158939, "process_mem_max_rss": "110324", "process_in_blocks": "26592", "process_out_blocks": "2616"}
[0m20:46:32.217126 [debug] [MainThread]: Command `dbt test` succeeded at 20:46:32.216197 after 3.05 seconds
[0m20:46:32.220685 [debug] [MainThread]: Sending event: {'category': 'dbt', 'action': 'invocation', 'label': 'end', 'context': [<snowplow_tracker.self_describing_json.SelfDescribingJson object at 0x78dbe740b340>, <snowplow_tracker.self_describing_json.SelfDescribingJson object at 0x78dbe35c0400>, <snowplow_tracker.self_describing_json.SelfDescribingJson object at 0x78dbe3953610>]}
[0m20:46:32.222583 [debug] [MainThread]: Flushing usage events
